[debug] [2025-10-25T20:44:49.616Z] ----------------------------------------------------------------------
[debug] [2025-10-25T20:44:49.617Z] Command:       /opt/homebrew/Cellar/node/24.4.0/bin/node /opt/homebrew/bin/firebase deploy --only functions:sendInvoiceEmail
[debug] [2025-10-25T20:44:49.617Z] CLI Version:   14.11.2
[debug] [2025-10-25T20:44:49.617Z] Platform:      darwin
[debug] [2025-10-25T20:44:49.617Z] Node Version:  v24.4.0
[debug] [2025-10-25T20:44:49.617Z] Time:          Sat Oct 25 2025 21:44:49 GMT+0100 (British Summer Time)
[debug] [2025-10-25T20:44:49.617Z] ----------------------------------------------------------------------
[debug] 
[debug] [2025-10-25T20:44:49.691Z] > command requires scopes: ["email","openid","https://www.googleapis.com/auth/cloudplatformprojects.readonly","https://www.googleapis.com/auth/firebase","https://www.googleapis.com/auth/cloud-platform"]
[debug] [2025-10-25T20:44:49.691Z] > authorizing via signed-in user (danielhpitt@gmail.com)
[debug] [2025-10-25T20:44:49.691Z] [iam] checking project fase-site for permissions ["cloudfunctions.functions.create","cloudfunctions.functions.delete","cloudfunctions.functions.get","cloudfunctions.functions.list","cloudfunctions.functions.update","cloudfunctions.operations.get","firebase.projects.get"]
[debug] [2025-10-25T20:44:49.692Z] Checked if tokens are valid: true, expires at: 1761428569682
[debug] [2025-10-25T20:44:49.692Z] Checked if tokens are valid: true, expires at: 1761428569682
[debug] [2025-10-25T20:44:49.692Z] >>> [apiv2][query] POST https://cloudresourcemanager.googleapis.com/v1/projects/fase-site:testIamPermissions [none]
[debug] [2025-10-25T20:44:49.692Z] >>> [apiv2][(partial)header] POST https://cloudresourcemanager.googleapis.com/v1/projects/fase-site:testIamPermissions x-goog-quota-user=projects/fase-site
[debug] [2025-10-25T20:44:49.692Z] >>> [apiv2][body] POST https://cloudresourcemanager.googleapis.com/v1/projects/fase-site:testIamPermissions {"permissions":["cloudfunctions.functions.create","cloudfunctions.functions.delete","cloudfunctions.functions.get","cloudfunctions.functions.list","cloudfunctions.functions.update","cloudfunctions.operations.get","firebase.projects.get"]}
[debug] [2025-10-25T20:44:50.360Z] <<< [apiv2][status] POST https://cloudresourcemanager.googleapis.com/v1/projects/fase-site:testIamPermissions 200
[debug] [2025-10-25T20:44:50.360Z] <<< [apiv2][body] POST https://cloudresourcemanager.googleapis.com/v1/projects/fase-site:testIamPermissions {"permissions":["cloudfunctions.functions.create","cloudfunctions.functions.delete","cloudfunctions.functions.get","cloudfunctions.functions.list","cloudfunctions.functions.update","cloudfunctions.operations.get","firebase.projects.get"]}
[debug] [2025-10-25T20:44:50.361Z] Checked if tokens are valid: true, expires at: 1761428569682
[debug] [2025-10-25T20:44:50.361Z] Checked if tokens are valid: true, expires at: 1761428569682
[debug] [2025-10-25T20:44:50.361Z] >>> [apiv2][query] POST https://iam.googleapis.com/v1/projects/fase-site/serviceAccounts/fase-site@appspot.gserviceaccount.com:testIamPermissions [none]
[debug] [2025-10-25T20:44:50.361Z] >>> [apiv2][body] POST https://iam.googleapis.com/v1/projects/fase-site/serviceAccounts/fase-site@appspot.gserviceaccount.com:testIamPermissions {"permissions":["iam.serviceAccounts.actAs"]}
[debug] [2025-10-25T20:44:50.624Z] <<< [apiv2][status] POST https://iam.googleapis.com/v1/projects/fase-site/serviceAccounts/fase-site@appspot.gserviceaccount.com:testIamPermissions 200
[debug] [2025-10-25T20:44:50.624Z] <<< [apiv2][body] POST https://iam.googleapis.com/v1/projects/fase-site/serviceAccounts/fase-site@appspot.gserviceaccount.com:testIamPermissions {"permissions":["iam.serviceAccounts.actAs"]}
[info] 
[info] === Deploying to 'fase-site'...
[info] 
[info] i  deploying functions 
[info] Running command: npm --prefix "$RESOURCE_DIR" run lint
[info] Running command: npm --prefix "$RESOURCE_DIR" run build
[info] ✔  functions: Finished running predeploy script. 
[debug] [2025-10-25T20:44:52.079Z] Checked if tokens are valid: true, expires at: 1761428569682
[debug] [2025-10-25T20:44:52.079Z] Checked if tokens are valid: true, expires at: 1761428569682
[debug] [2025-10-25T20:44:52.080Z] >>> [apiv2][query] GET https://cloudresourcemanager.googleapis.com/v1/projects/fase-site [none]
[debug] [2025-10-25T20:44:52.255Z] <<< [apiv2][status] GET https://cloudresourcemanager.googleapis.com/v1/projects/fase-site 200
[debug] [2025-10-25T20:44:52.255Z] <<< [apiv2][body] GET https://cloudresourcemanager.googleapis.com/v1/projects/fase-site {"projectNumber":"1031442839092","projectId":"fase-site","lifecycleState":"ACTIVE","name":"FASE-site","labels":{"firebase":"enabled","firebase-core":"disabled"},"createTime":"2025-07-20T12:06:51.247281Z"}
[info] i  functions: preparing codebase default for deployment 
[info] i  functions: ensuring required API cloudfunctions.googleapis.com is enabled... 
[info] i  functions: ensuring required API cloudbuild.googleapis.com is enabled... 
[info] i  artifactregistry: ensuring required API artifactregistry.googleapis.com is enabled... 
[debug] [2025-10-25T20:44:52.256Z] Checked if tokens are valid: true, expires at: 1761428569682
[debug] [2025-10-25T20:44:52.256Z] Checked if tokens are valid: true, expires at: 1761428569682
[debug] [2025-10-25T20:44:52.256Z] >>> [apiv2][query] GET https://firebase.googleapis.com/v1beta1/projects/fase-site/adminSdkConfig [none]
[debug] [2025-10-25T20:44:52.841Z] <<< [apiv2][status] GET https://firebase.googleapis.com/v1beta1/projects/fase-site/adminSdkConfig 200
[debug] [2025-10-25T20:44:52.842Z] <<< [apiv2][body] GET https://firebase.googleapis.com/v1beta1/projects/fase-site/adminSdkConfig {"projectId":"fase-site","storageBucket":"fase-site.firebasestorage.app"}
[debug] [2025-10-25T20:44:52.842Z] Checked if tokens are valid: true, expires at: 1761428569682
[debug] [2025-10-25T20:44:52.842Z] Checked if tokens are valid: true, expires at: 1761428569682
[debug] [2025-10-25T20:44:52.842Z] >>> [apiv2][query] GET https://runtimeconfig.googleapis.com/v1beta1/projects/fase-site/configs [none]
[debug] [2025-10-25T20:44:53.136Z] <<< [apiv2][status] GET https://runtimeconfig.googleapis.com/v1beta1/projects/fase-site/configs 200
[debug] [2025-10-25T20:44:53.136Z] <<< [apiv2][body] GET https://runtimeconfig.googleapis.com/v1beta1/projects/fase-site/configs {"configs":[{"name":"projects/fase-site/configs/resend"}]}
[debug] [2025-10-25T20:44:53.136Z] Checked if tokens are valid: true, expires at: 1761428569682
[debug] [2025-10-25T20:44:53.137Z] Checked if tokens are valid: true, expires at: 1761428569682
[debug] [2025-10-25T20:44:53.137Z] >>> [apiv2][query] GET https://runtimeconfig.googleapis.com/v1beta1/projects/fase-site/configs/resend/variables [none]
[debug] [2025-10-25T20:44:53.351Z] <<< [apiv2][status] GET https://runtimeconfig.googleapis.com/v1beta1/projects/fase-site/configs/resend/variables 200
[debug] [2025-10-25T20:44:53.351Z] <<< [apiv2][body] GET https://runtimeconfig.googleapis.com/v1beta1/projects/fase-site/configs/resend/variables {"variables":[{"name":"projects/fase-site/configs/resend/variables/api_key","updateTime":"2025-10-16T11:56:16.309406976Z"}]}
[debug] [2025-10-25T20:44:53.352Z] Checked if tokens are valid: true, expires at: 1761428569682
[debug] [2025-10-25T20:44:53.352Z] Checked if tokens are valid: true, expires at: 1761428569682
[debug] [2025-10-25T20:44:53.352Z] >>> [apiv2][query] GET https://runtimeconfig.googleapis.com/v1beta1/projects/fase-site/configs/resend/variables/api_key [none]
[debug] [2025-10-25T20:44:53.556Z] <<< [apiv2][status] GET https://runtimeconfig.googleapis.com/v1beta1/projects/fase-site/configs/resend/variables/api_key 200
[debug] [2025-10-25T20:44:53.556Z] <<< [apiv2][body] GET https://runtimeconfig.googleapis.com/v1beta1/projects/fase-site/configs/resend/variables/api_key {"name":"projects/fase-site/configs/resend/variables/api_key","updateTime":"2025-10-16T11:56:16.309406976Z","text":"re_M6MMrHPD_NgU85sx7YAstAaf3dpnPUFSU"}
[debug] [2025-10-25T20:44:53.558Z] Validating nodejs source
[warn] ⚠  functions: package.json indicates an outdated version of firebase-functions. Please upgrade using npm install --save firebase-functions@latest in your functions directory. 
[debug] [2025-10-25T20:44:53.930Z] > [functions] package.json contents: {
  "name": "functions",
  "scripts": {
    "build": "tsc",
    "build:watch": "tsc --watch",
    "serve": "npm run build && firebase emulators:start --only functions",
    "shell": "npm run build && firebase functions:shell",
    "start": "npm run shell",
    "deploy": "firebase deploy --only functions",
    "logs": "firebase functions:log",
    "lint": "echo 'No linting configured'"
  },
  "engines": {
    "node": "20"
  },
  "main": "lib/index.js",
  "dependencies": {
    "firebase-admin": "^13.5.0",
    "firebase-functions": "^6.5.0"
  },
  "devDependencies": {
    "typescript": "^5.3.3"
  },
  "private": true
}
[debug] [2025-10-25T20:44:53.930Z] Building nodejs source
[info] i  functions: Loading and analyzing source code for codebase default to determine what to deploy 
[debug] [2025-10-25T20:44:53.931Z] Could not find functions.yaml. Must use http discovery
[debug] [2025-10-25T20:44:53.934Z] Found firebase-functions binary at '/Users/danielpitt/Documents/FASE-site/functions/node_modules/.bin/firebase-functions'
[info] Serving at port 8657

[debug] [2025-10-25T20:44:54.265Z] Got response from /__/functions.yaml {"endpoints":{"sendVerificationCode":{"availableMemoryMb":null,"timeoutSeconds":null,"minInstances":null,"maxInstances":null,"ingressSettings":null,"concurrency":null,"serviceAccountEmail":null,"vpc":null,"platform":"gcfv2","labels":{},"callableTrigger":{},"entryPoint":"sendVerificationCode"},"setAdminClaim":{"availableMemoryMb":null,"timeoutSeconds":null,"minInstances":null,"maxInstances":null,"ingressSettings":null,"concurrency":null,"serviceAccountEmail":null,"vpc":null,"platform":"gcfv2","labels":{},"callableTrigger":{},"entryPoint":"setAdminClaim"},"removeAdminClaim":{"availableMemoryMb":null,"timeoutSeconds":null,"minInstances":null,"maxInstances":null,"ingressSettings":null,"concurrency":null,"serviceAccountEmail":null,"vpc":null,"platform":"gcfv2","labels":{},"callableTrigger":{},"entryPoint":"removeAdminClaim"},"sendInvoiceEmail":{"availableMemoryMb":null,"timeoutSeconds":null,"minInstances":null,"maxInstances":null,"ingressSettings":null,"concurrency":null,"serviceAccountEmail":null,"vpc":null,"platform":"gcfv2","labels":{},"callableTrigger":{},"entryPoint":"sendInvoiceEmail"},"sendJoinRequestNotification":{"availableMemoryMb":null,"timeoutSeconds":null,"minInstances":null,"maxInstances":null,"ingressSettings":null,"concurrency":null,"serviceAccountEmail":null,"vpc":null,"platform":"gcfv2","labels":{},"callableTrigger":{},"entryPoint":"sendJoinRequestNotification"}},"specVersion":"v1alpha1","requiredAPIs":[],"extensions":{}}
[info] i  extensions: ensuring required API firebaseextensions.googleapis.com is enabled... 
[debug] [2025-10-25T20:45:04.284Z] > command requires scopes: ["email","openid","https://www.googleapis.com/auth/cloudplatformprojects.readonly","https://www.googleapis.com/auth/firebase","https://www.googleapis.com/auth/cloud-platform"]
[debug] [2025-10-25T20:45:04.284Z] > authorizing via signed-in user (danielhpitt@gmail.com)
[debug] [2025-10-25T20:45:04.285Z] [iam] checking project fase-site for permissions ["firebase.projects.get","firebaseextensions.instances.list"]
[debug] [2025-10-25T20:45:04.285Z] Checked if tokens are valid: true, expires at: 1761428569682
[debug] [2025-10-25T20:45:04.285Z] Checked if tokens are valid: true, expires at: 1761428569682
[debug] [2025-10-25T20:45:04.285Z] >>> [apiv2][query] POST https://cloudresourcemanager.googleapis.com/v1/projects/fase-site:testIamPermissions [none]
[debug] [2025-10-25T20:45:04.285Z] >>> [apiv2][(partial)header] POST https://cloudresourcemanager.googleapis.com/v1/projects/fase-site:testIamPermissions x-goog-quota-user=projects/fase-site
[debug] [2025-10-25T20:45:04.285Z] >>> [apiv2][body] POST https://cloudresourcemanager.googleapis.com/v1/projects/fase-site:testIamPermissions {"permissions":["firebase.projects.get","firebaseextensions.instances.list"]}
[debug] [2025-10-25T20:45:04.920Z] <<< [apiv2][status] POST https://cloudresourcemanager.googleapis.com/v1/projects/fase-site:testIamPermissions 200
[debug] [2025-10-25T20:45:04.921Z] <<< [apiv2][body] POST https://cloudresourcemanager.googleapis.com/v1/projects/fase-site:testIamPermissions {"permissions":["firebase.projects.get","firebaseextensions.instances.list"]}
[debug] [2025-10-25T20:45:04.921Z] Checked if tokens are valid: true, expires at: 1761428569682
[debug] [2025-10-25T20:45:04.921Z] Checked if tokens are valid: true, expires at: 1761428569682
[debug] [2025-10-25T20:45:04.921Z] >>> [apiv2][query] GET https://firebaseextensions.googleapis.com/v1beta/projects/fase-site/instances pageSize=100&pageToken=
[debug] [2025-10-25T20:45:05.698Z] <<< [apiv2][status] GET https://firebaseextensions.googleapis.com/v1beta/projects/fase-site/instances 200
[debug] [2025-10-25T20:45:05.699Z] <<< [apiv2][body] GET https://firebaseextensions.googleapis.com/v1beta/projects/fase-site/instances {}
[info] i  functions: Loaded environment variables from .env. 
[info] i  functions: preparing functions directory for uploading... 
[info] i  functions: packaged /Users/danielpitt/Documents/FASE-site/functions (42.98 KB) for uploading 
[debug] [2025-10-25T20:45:05.729Z] Checked if tokens are valid: true, expires at: 1761428569682
[debug] [2025-10-25T20:45:05.729Z] Checked if tokens are valid: true, expires at: 1761428569682
[debug] [2025-10-25T20:45:05.729Z] >>> [apiv2][query] GET https://cloudfunctions.googleapis.com/v1/projects/fase-site/locations/-/functions [none]
[debug] [2025-10-25T20:45:06.337Z] <<< [apiv2][status] GET https://cloudfunctions.googleapis.com/v1/projects/fase-site/locations/-/functions 200
[debug] [2025-10-25T20:45:06.337Z] <<< [apiv2][body] GET https://cloudfunctions.googleapis.com/v1/projects/fase-site/locations/-/functions {}
[debug] [2025-10-25T20:45:06.338Z] Checked if tokens are valid: true, expires at: 1761428569682
[debug] [2025-10-25T20:45:06.338Z] Checked if tokens are valid: true, expires at: 1761428569682
[debug] [2025-10-25T20:45:06.338Z] >>> [apiv2][query] GET https://cloudfunctions.googleapis.com/v2/projects/fase-site/locations/-/functions filter=environment%3D%22GEN_2%22
[debug] [2025-10-25T20:45:07.384Z] <<< [apiv2][status] GET https://cloudfunctions.googleapis.com/v2/projects/fase-site/locations/-/functions 200
[debug] [2025-10-25T20:45:07.384Z] <<< [apiv2][body] GET https://cloudfunctions.googleapis.com/v2/projects/fase-site/locations/-/functions {"functions":[{"name":"projects/fase-site/locations/us-central1/functions/sendJoinRequestNotification","buildConfig":{"build":"projects/1031442839092/locations/us-central1/builds/74b092ef-f08f-4af0-84d3-4c1553a67c20","runtime":"nodejs20","entryPoint":"sendJoinRequestNotification","source":{"storageSource":{"bucket":"gcf-v2-sources-1031442839092-us-central1","object":"sendJoinRequestNotification/function-source.zip","generation":"1761318673132545"}},"environmentVariables":{"GOOGLE_NODE_RUN_SCRIPTS":""},"dockerRepository":"projects/fase-site/locations/us-central1/repositories/gcf-artifacts","sourceProvenance":{"resolvedStorageSource":{"bucket":"gcf-v2-sources-1031442839092-us-central1","object":"sendJoinRequestNotification/function-source.zip","generation":"1761318673132545"}},"dockerRegistry":"ARTIFACT_REGISTRY","serviceAccount":"projects/fase-site/serviceAccounts/1031442839092-compute@developer.gserviceaccount.com","automaticUpdatePolicy":{}},"serviceConfig":{"service":"projects/fase-site/locations/us-central1/services/sendjoinrequestnotification","timeoutSeconds":60,"environmentVariables":{"RESEND_API_KEY":"re_M6MMrHPD_NgU85sx7YAstAaf3dpnPUFSU","FIREBASE_CONFIG":"{\"projectId\":\"fase-site\",\"storageBucket\":\"fase-site.firebasestorage.app\"}","GCLOUD_PROJECT":"fase-site","EVENTARC_CLOUD_EVENT_SOURCE":"projects/fase-site/locations/us-central1/services/sendJoinRequestNotification","FUNCTION_TARGET":"sendJoinRequestNotification","LOG_EXECUTION_ID":"true","FUNCTION_SIGNATURE_TYPE":"http"},"maxInstanceCount":20,"ingressSettings":"ALLOW_ALL","uri":"https://sendjoinrequestnotification-eiuh3uumsa-uc.a.run.app","serviceAccountEmail":"1031442839092-compute@developer.gserviceaccount.com","availableMemory":"256Mi","allTrafficOnLatestRevision":true,"revision":"sendjoinrequestnotification-00003-seh","maxInstanceRequestConcurrency":80,"availableCpu":"1"},"state":"ACTIVE","updateTime":"2025-10-24T15:11:20.614923927Z","labels":{"firebase-functions-hash":"e3fd0b6fc90707523794933f5948fb421b505f3d","deployment-tool":"cli-firebase","deployment-callable":"true"},"environment":"GEN_2","url":"https://us-central1-fase-site.cloudfunctions.net/sendJoinRequestNotification","createTime":"2025-10-24T11:42:01.255223298Z","satisfiesPzi":true},{"name":"projects/fase-site/locations/us-central1/functions/sendVerificationCode","buildConfig":{"build":"projects/1031442839092/locations/us-central1/builds/74b092ef-f08f-4af0-84d3-4c1553a67c20","runtime":"nodejs20","entryPoint":"sendVerificationCode","source":{"storageSource":{"bucket":"gcf-v2-sources-1031442839092-us-central1","object":"sendVerificationCode/function-source.zip","generation":"1761318608478283"}},"environmentVariables":{"GOOGLE_NODE_RUN_SCRIPTS":""},"dockerRepository":"projects/fase-site/locations/us-central1/repositories/gcf-artifacts","sourceProvenance":{"resolvedStorageSource":{"bucket":"gcf-v2-sources-1031442839092-us-central1","object":"sendVerificationCode/function-source.zip","generation":"1761318608478283"}},"dockerRegistry":"ARTIFACT_REGISTRY","serviceAccount":"projects/fase-site/serviceAccounts/1031442839092-compute@developer.gserviceaccount.com","automaticUpdatePolicy":{}},"serviceConfig":{"service":"projects/fase-site/locations/us-central1/services/sendverificationcode","timeoutSeconds":60,"environmentVariables":{"RESEND_API_KEY":"re_M6MMrHPD_NgU85sx7YAstAaf3dpnPUFSU","FIREBASE_CONFIG":"{\"projectId\":\"fase-site\",\"storageBucket\":\"fase-site.firebasestorage.app\"}","GCLOUD_PROJECT":"fase-site","EVENTARC_CLOUD_EVENT_SOURCE":"projects/fase-site/locations/us-central1/services/sendVerificationCode","FUNCTION_TARGET":"sendVerificationCode","LOG_EXECUTION_ID":"true"},"maxInstanceCount":20,"ingressSettings":"ALLOW_ALL","uri":"https://sendverificationcode-eiuh3uumsa-uc.a.run.app","serviceAccountEmail":"1031442839092-compute@developer.gserviceaccount.com","availableMemory":"256Mi","allTrafficOnLatestRevision":true,"revision":"sendverificationcode-00012-lim","maxInstanceRequestConcurrency":80,"availableCpu":"1"},"state":"ACTIVE","updateTime":"2025-10-24T15:11:18.631995950Z","labels":{"deployment-callable":"true","firebase-functions-hash":"e3fd0b6fc90707523794933f5948fb421b505f3d","deployment-tool":"cli-firebase"},"environment":"GEN_2","url":"https://us-central1-fase-site.cloudfunctions.net/sendVerificationCode","createTime":"2025-10-16T11:30:25.796647375Z","satisfiesPzi":true},{"name":"projects/fase-site/locations/us-central1/functions/removeAdminClaim","buildConfig":{"build":"projects/1031442839092/locations/us-central1/builds/74b092ef-f08f-4af0-84d3-4c1553a67c20","runtime":"nodejs20","entryPoint":"removeAdminClaim","source":{"storageSource":{"bucket":"gcf-v2-sources-1031442839092-us-central1","object":"removeAdminClaim/function-source.zip","generation":"1761318673141586"}},"environmentVariables":{"GOOGLE_NODE_RUN_SCRIPTS":""},"dockerRepository":"projects/fase-site/locations/us-central1/repositories/gcf-artifacts","sourceProvenance":{"resolvedStorageSource":{"bucket":"gcf-v2-sources-1031442839092-us-central1","object":"removeAdminClaim/function-source.zip","generation":"1761318673141586"}},"dockerRegistry":"ARTIFACT_REGISTRY","serviceAccount":"projects/fase-site/serviceAccounts/1031442839092-compute@developer.gserviceaccount.com","automaticUpdatePolicy":{}},"serviceConfig":{"service":"projects/fase-site/locations/us-central1/services/removeadminclaim","timeoutSeconds":60,"environmentVariables":{"RESEND_API_KEY":"re_M6MMrHPD_NgU85sx7YAstAaf3dpnPUFSU","FIREBASE_CONFIG":"{\"projectId\":\"fase-site\",\"storageBucket\":\"fase-site.firebasestorage.app\"}","GCLOUD_PROJECT":"fase-site","EVENTARC_CLOUD_EVENT_SOURCE":"projects/fase-site/locations/us-central1/services/removeAdminClaim","FUNCTION_TARGET":"removeAdminClaim","LOG_EXECUTION_ID":"true","FUNCTION_SIGNATURE_TYPE":"http"},"maxInstanceCount":20,"ingressSettings":"ALLOW_ALL","uri":"https://removeadminclaim-eiuh3uumsa-uc.a.run.app","serviceAccountEmail":"1031442839092-compute@developer.gserviceaccount.com","availableMemory":"256Mi","allTrafficOnLatestRevision":true,"revision":"removeadminclaim-00003-dey","maxInstanceRequestConcurrency":80,"availableCpu":"1"},"state":"ACTIVE","updateTime":"2025-10-24T15:11:21.859815338Z","labels":{"deployment-tool":"cli-firebase","deployment-callable":"true","firebase-functions-hash":"e3fd0b6fc90707523794933f5948fb421b505f3d"},"environment":"GEN_2","url":"https://us-central1-fase-site.cloudfunctions.net/removeAdminClaim","createTime":"2025-10-21T16:49:10.887346839Z","satisfiesPzi":true},{"name":"projects/fase-site/locations/us-central1/functions/sendInvoiceEmail","buildConfig":{"build":"projects/1031442839092/locations/us-central1/builds/74b092ef-f08f-4af0-84d3-4c1553a67c20","runtime":"nodejs20","entryPoint":"sendInvoiceEmail","source":{"storageSource":{"bucket":"gcf-v2-sources-1031442839092-us-central1","object":"sendInvoiceEmail/function-source.zip","generation":"1761318673106113"}},"environmentVariables":{"GOOGLE_NODE_RUN_SCRIPTS":""},"dockerRepository":"projects/fase-site/locations/us-central1/repositories/gcf-artifacts","sourceProvenance":{"resolvedStorageSource":{"bucket":"gcf-v2-sources-1031442839092-us-central1","object":"sendInvoiceEmail/function-source.zip","generation":"1761318673106113"}},"dockerRegistry":"ARTIFACT_REGISTRY","serviceAccount":"projects/fase-site/serviceAccounts/1031442839092-compute@developer.gserviceaccount.com","automaticUpdatePolicy":{}},"serviceConfig":{"service":"projects/fase-site/locations/us-central1/services/sendinvoiceemail","timeoutSeconds":60,"environmentVariables":{"RESEND_API_KEY":"re_M6MMrHPD_NgU85sx7YAstAaf3dpnPUFSU","FIREBASE_CONFIG":"{\"projectId\":\"fase-site\",\"storageBucket\":\"fase-site.firebasestorage.app\"}","GCLOUD_PROJECT":"fase-site","EVENTARC_CLOUD_EVENT_SOURCE":"projects/fase-site/locations/us-central1/services/sendInvoiceEmail","FUNCTION_TARGET":"sendInvoiceEmail","LOG_EXECUTION_ID":"true","FUNCTION_SIGNATURE_TYPE":"http"},"maxInstanceCount":20,"ingressSettings":"ALLOW_ALL","uri":"https://sendinvoiceemail-eiuh3uumsa-uc.a.run.app","serviceAccountEmail":"1031442839092-compute@developer.gserviceaccount.com","availableMemory":"256Mi","allTrafficOnLatestRevision":true,"revision":"sendinvoiceemail-00004-wed","maxInstanceRequestConcurrency":80,"availableCpu":"1"},"state":"ACTIVE","updateTime":"2025-10-24T15:11:19.966746893Z","labels":{"deployment-callable":"true","firebase-functions-hash":"e3fd0b6fc90707523794933f5948fb421b505f3d","deployment-tool":"cli-firebase"},"environment":"GEN_2","url":"https://us-central1-fase-site.cloudfunctions.net/sendInvoiceEmail","createTime":"2025-10-21T16:49:11.037921637Z","satisfiesPzi":true},{"name":"projects/fase-site/locations/us-central1/functions/setAdminClaim","buildConfig":{"build":"projects/1031442839092/locations/us-central1/builds/74b092ef-f08f-4af0-84d3-4c1553a67c20","runtime":"nodejs20","entryPoint":"setAdminClaim","source":{"storageSource":{"bucket":"gcf-v2-sources-1031442839092-us-central1","object":"setAdminClaim/function-source.zip","generation":"1761318673144191"}},"environmentVariables":{"GOOGLE_NODE_RUN_SCRIPTS":""},"dockerRepository":"projects/fase-site/locations/us-central1/repositories/gcf-artifacts","sourceProvenance":{"resolvedStorageSource":{"bucket":"gcf-v2-sources-1031442839092-us-central1","object":"setAdminClaim/function-source.zip","generation":"1761318673144191"}},"dockerRegistry":"ARTIFACT_REGISTRY","serviceAccount":"projects/fase-site/serviceAccounts/1031442839092-compute@developer.gserviceaccount.com","automaticUpdatePolicy":{}},"serviceConfig":{"service":"projects/fase-site/locations/us-central1/services/setadminclaim","timeoutSeconds":60,"environmentVariables":{"RESEND_API_KEY":"re_M6MMrHPD_NgU85sx7YAstAaf3dpnPUFSU","FIREBASE_CONFIG":"{\"projectId\":\"fase-site\",\"storageBucket\":\"fase-site.firebasestorage.app\"}","GCLOUD_PROJECT":"fase-site","EVENTARC_CLOUD_EVENT_SOURCE":"projects/fase-site/locations/us-central1/services/setAdminClaim","FUNCTION_TARGET":"setAdminClaim","LOG_EXECUTION_ID":"true","FUNCTION_SIGNATURE_TYPE":"http"},"maxInstanceCount":20,"ingressSettings":"ALLOW_ALL","uri":"https://setadminclaim-eiuh3uumsa-uc.a.run.app","serviceAccountEmail":"1031442839092-compute@developer.gserviceaccount.com","availableMemory":"256Mi","allTrafficOnLatestRevision":true,"revision":"setadminclaim-00003-heq","maxInstanceRequestConcurrency":80,"availableCpu":"1"},"state":"ACTIVE","updateTime":"2025-10-24T15:11:20.612187052Z","labels":{"deployment-tool":"cli-firebase","deployment-callable":"true","firebase-functions-hash":"e3fd0b6fc90707523794933f5948fb421b505f3d"},"environment":"GEN_2","url":"https://us-central1-fase-site.cloudfunctions.net/setAdminClaim","createTime":"2025-10-21T16:48:06.914879164Z","satisfiesPzi":true}]}
[info] i  functions: ensuring required API run.googleapis.com is enabled... 
[info] i  functions: ensuring required API eventarc.googleapis.com is enabled... 
[info] i  functions: ensuring required API pubsub.googleapis.com is enabled... 
[info] i  functions: ensuring required API storage.googleapis.com is enabled... 
[info] i  functions: generating the service identity for pubsub.googleapis.com... 
[debug] [2025-10-25T20:45:07.389Z] Checked if tokens are valid: true, expires at: 1761428569682
[debug] [2025-10-25T20:45:07.389Z] Checked if tokens are valid: true, expires at: 1761428569682
[info] i  functions: generating the service identity for eventarc.googleapis.com... 
[debug] [2025-10-25T20:45:07.389Z] Checked if tokens are valid: true, expires at: 1761428569682
[debug] [2025-10-25T20:45:07.389Z] Checked if tokens are valid: true, expires at: 1761428569682
[debug] [2025-10-25T20:45:07.389Z] >>> [apiv2][query] POST https://serviceusage.googleapis.com/v1beta1/projects/1031442839092/services/pubsub.googleapis.com:generateServiceIdentity [none]
[debug] [2025-10-25T20:45:07.389Z] >>> [apiv2][(partial)header] POST https://serviceusage.googleapis.com/v1beta1/projects/1031442839092/services/pubsub.googleapis.com:generateServiceIdentity x-goog-quota-user=projects/1031442839092
[debug] [2025-10-25T20:45:07.389Z] >>> [apiv2][body] POST https://serviceusage.googleapis.com/v1beta1/projects/1031442839092/services/pubsub.googleapis.com:generateServiceIdentity {}
[debug] [2025-10-25T20:45:07.391Z] >>> [apiv2][query] POST https://serviceusage.googleapis.com/v1beta1/projects/1031442839092/services/eventarc.googleapis.com:generateServiceIdentity [none]
[debug] [2025-10-25T20:45:07.391Z] >>> [apiv2][(partial)header] POST https://serviceusage.googleapis.com/v1beta1/projects/1031442839092/services/eventarc.googleapis.com:generateServiceIdentity x-goog-quota-user=projects/1031442839092
[debug] [2025-10-25T20:45:07.391Z] >>> [apiv2][body] POST https://serviceusage.googleapis.com/v1beta1/projects/1031442839092/services/eventarc.googleapis.com:generateServiceIdentity {}
[debug] [2025-10-25T20:45:08.254Z] <<< [apiv2][status] POST https://serviceusage.googleapis.com/v1beta1/projects/1031442839092/services/pubsub.googleapis.com:generateServiceIdentity 200
[debug] [2025-10-25T20:45:08.254Z] <<< [apiv2][body] POST https://serviceusage.googleapis.com/v1beta1/projects/1031442839092/services/pubsub.googleapis.com:generateServiceIdentity {"name":"operations/finished.DONE_OPERATION","done":true,"response":{"@type":"type.googleapis.com/google.api.serviceusage.v1beta1.ServiceIdentity","email":"service-1031442839092@gcp-sa-pubsub.iam.gserviceaccount.com","uniqueId":"104118228620047012012"}}
[debug] [2025-10-25T20:45:08.280Z] <<< [apiv2][status] POST https://serviceusage.googleapis.com/v1beta1/projects/1031442839092/services/eventarc.googleapis.com:generateServiceIdentity 200
[debug] [2025-10-25T20:45:08.281Z] <<< [apiv2][body] POST https://serviceusage.googleapis.com/v1beta1/projects/1031442839092/services/eventarc.googleapis.com:generateServiceIdentity {"name":"operations/finished.DONE_OPERATION","done":true,"response":{"@type":"type.googleapis.com/google.api.serviceusage.v1beta1.ServiceIdentity","email":"service-1031442839092@gcp-sa-eventarc.iam.gserviceaccount.com","uniqueId":"111958976719389695024"}}
[debug] [2025-10-25T20:45:08.283Z] Checked if tokens are valid: true, expires at: 1761428569682
[debug] [2025-10-25T20:45:08.283Z] Checked if tokens are valid: true, expires at: 1761428569682
[debug] [2025-10-25T20:45:08.283Z] >>> [apiv2][query] GET https://cloudresourcemanager.googleapis.com/v1/projects/fase-site [none]
[debug] [2025-10-25T20:45:08.575Z] <<< [apiv2][status] GET https://cloudresourcemanager.googleapis.com/v1/projects/fase-site 200
[debug] [2025-10-25T20:45:08.576Z] <<< [apiv2][body] GET https://cloudresourcemanager.googleapis.com/v1/projects/fase-site {"projectNumber":"1031442839092","projectId":"fase-site","lifecycleState":"ACTIVE","name":"FASE-site","labels":{"firebase":"enabled","firebase-core":"disabled"},"createTime":"2025-07-20T12:06:51.247281Z"}
[debug] [2025-10-25T20:45:08.576Z] Checked if tokens are valid: true, expires at: 1761428569682
[debug] [2025-10-25T20:45:08.576Z] Checked if tokens are valid: true, expires at: 1761428569682
[debug] [2025-10-25T20:45:08.576Z] >>> [apiv2][query] GET https://compute.googleapis.com/compute/v1/projects/1031442839092 [none]
[debug] [2025-10-25T20:45:09.117Z] <<< [apiv2][status] GET https://compute.googleapis.com/compute/v1/projects/1031442839092 403
[debug] [2025-10-25T20:45:09.118Z] <<< [apiv2][body] GET https://compute.googleapis.com/compute/v1/projects/1031442839092 {"error":{"code":403,"message":"Compute Engine API has not been used in project 1031442839092 before or it is disabled. Enable it by visiting https://console.developers.google.com/apis/api/compute.googleapis.com/overview?project=1031442839092 then retry. If you enabled this API recently, wait a few minutes for the action to propagate to our systems and retry.","errors":[{"message":"Compute Engine API has not been used in project 1031442839092 before or it is disabled. Enable it by visiting https://console.developers.google.com/apis/api/compute.googleapis.com/overview?project=1031442839092 then retry. If you enabled this API recently, wait a few minutes for the action to propagate to our systems and retry.","domain":"usageLimits","reason":"accessNotConfigured","extendedHelp":"https://console.developers.google.com"}],"status":"PERMISSION_DENIED","details":[{"@type":"type.googleapis.com/google.rpc.ErrorInfo","reason":"SERVICE_DISABLED","domain":"googleapis.com","metadata":{"activationUrl":"https://console.developers.google.com/apis/api/compute.googleapis.com/overview?project=1031442839092","service":"compute.googleapis.com","containerInfo":"1031442839092","serviceTitle":"Compute Engine API","consumer":"projects/1031442839092"}},{"@type":"type.googleapis.com/google.rpc.LocalizedMessage","locale":"en-US","message":"Compute Engine API has not been used in project 1031442839092 before or it is disabled. Enable it by visiting https://console.developers.google.com/apis/api/compute.googleapis.com/overview?project=1031442839092 then retry. If you enabled this API recently, wait a few minutes for the action to propagate to our systems and retry."},{"@type":"type.googleapis.com/google.rpc.Help","links":[{"description":"Google developers console API activation","url":"https://console.developers.google.com/apis/api/compute.googleapis.com/overview?project=1031442839092"}]}]}}
[debug] [2025-10-25T20:45:09.118Z] unable to look up default compute service account. Falling back to 1031442839092-compute@developer.gserviceaccount.com. Error: {"name":"FirebaseError","children":[],"context":{"body":{"error":{"code":403,"message":"Compute Engine API has not been used in project 1031442839092 before or it is disabled. Enable it by visiting https://console.developers.google.com/apis/api/compute.googleapis.com/overview?project=1031442839092 then retry. If you enabled this API recently, wait a few minutes for the action to propagate to our systems and retry.","errors":[{"message":"Compute Engine API has not been used in project 1031442839092 before or it is disabled. Enable it by visiting https://console.developers.google.com/apis/api/compute.googleapis.com/overview?project=1031442839092 then retry. If you enabled this API recently, wait a few minutes for the action to propagate to our systems and retry.","domain":"usageLimits","reason":"accessNotConfigured","extendedHelp":"https://console.developers.google.com"}],"status":"PERMISSION_DENIED","details":[{"@type":"type.googleapis.com/google.rpc.ErrorInfo","reason":"SERVICE_DISABLED","domain":"googleapis.com","metadata":{"activationUrl":"https://console.developers.google.com/apis/api/compute.googleapis.com/overview?project=1031442839092","service":"compute.googleapis.com","containerInfo":"1031442839092","serviceTitle":"Compute Engine API","consumer":"projects/1031442839092"}},{"@type":"type.googleapis.com/google.rpc.LocalizedMessage","locale":"en-US","message":"Compute Engine API has not been used in project 1031442839092 before or it is disabled. Enable it by visiting https://console.developers.google.com/apis/api/compute.googleapis.com/overview?project=1031442839092 then retry. If you enabled this API recently, wait a few minutes for the action to propagate to our systems and retry."},{"@type":"type.googleapis.com/google.rpc.Help","links":[{"description":"Google developers console API activation","url":"https://console.developers.google.com/apis/api/compute.googleapis.com/overview?project=1031442839092"}]}]}},"response":{"statusCode":403}},"exit":1,"message":"Request to https://compute.googleapis.com/compute/v1/projects/1031442839092 had HTTP Error: 403, Compute Engine API has not been used in project 1031442839092 before or it is disabled. Enable it by visiting https://console.developers.google.com/apis/api/compute.googleapis.com/overview?project=1031442839092 then retry. If you enabled this API recently, wait a few minutes for the action to propagate to our systems and retry.","status":403}
[debug] [2025-10-25T20:45:09.119Z] Checked if tokens are valid: true, expires at: 1761428569682
[debug] [2025-10-25T20:45:09.119Z] Checked if tokens are valid: true, expires at: 1761428569682
[debug] [2025-10-25T20:45:09.119Z] >>> [apiv2][query] GET https://cloudbilling.googleapis.com/v1/projects/fase-site/billingInfo [none]
[debug] [2025-10-25T20:45:09.694Z] <<< [apiv2][status] GET https://cloudbilling.googleapis.com/v1/projects/fase-site/billingInfo 200
[debug] [2025-10-25T20:45:09.694Z] <<< [apiv2][body] GET https://cloudbilling.googleapis.com/v1/projects/fase-site/billingInfo {"name":"projects/fase-site/billingInfo","projectId":"fase-site","billingAccountName":"billingAccounts/012009-41E496-D17A8E","billingEnabled":true}
[debug] [2025-10-25T20:45:09.696Z] Checked if tokens are valid: true, expires at: 1761428569682
[debug] [2025-10-25T20:45:09.696Z] Checked if tokens are valid: true, expires at: 1761428569682
[debug] [2025-10-25T20:45:09.696Z] >>> [apiv2][query] POST https://cloudfunctions.googleapis.com/v2/projects/fase-site/locations/us-central1/functions:generateUploadUrl [none]
[debug] [2025-10-25T20:45:10.596Z] <<< [apiv2][status] POST https://cloudfunctions.googleapis.com/v2/projects/fase-site/locations/us-central1/functions:generateUploadUrl 200
[debug] [2025-10-25T20:45:10.596Z] <<< [apiv2][body] POST https://cloudfunctions.googleapis.com/v2/projects/fase-site/locations/us-central1/functions:generateUploadUrl {"uploadUrl":"https://storage.googleapis.com/gcf-v2-uploads-1031442839092.us-central1.cloudfunctions.appspot.com/4d3e6c84-40aa-4914-8f80-71631957a091.zip?GoogleAccessId=service-1031442839092@gcf-admin-robot.iam.gserviceaccount.com&Expires=1761426910&Signature=ft7Apu%2BG4VNawLP82HtRisfa4LOIGvdG7uylrx8QpyeYCZ1JPZ9x%2BWAwwOWqW31DXvY45HDdBsZkCIKz4Wp5DLMzWCSSXzwReBKgQ%2BLw2LEwgJRB3qF5hn3ZZiAHw8FKhPUhRnZx3gctdbHi4z%2FWFhye0nrs4EtiGWhxfXe2SA%2Fcl9h8P57LOj9o4cYGeHNbc%2FP86a6DAEJezhI0lv%2BEdbrod4nV0XYgVUP4L7BBiJIpBXC5v%2BjDaNFkUfEUSGhcuNQVZb191F2VC8KO5whdaakoodsSLK%2FhCMf9IICgh7w4bV1HCH8uIohw1bBwbOalvi9JpnONi2vn6TRtnCWUhw%3D%3D","storageSource":{"bucket":"gcf-v2-uploads-1031442839092.us-central1.cloudfunctions.appspot.com","object":"4d3e6c84-40aa-4914-8f80-71631957a091.zip"}}
[debug] [2025-10-25T20:45:10.597Z] >>> [apiv2][query] PUT https://storage.googleapis.com/gcf-v2-uploads-1031442839092.us-central1.cloudfunctions.appspot.com/4d3e6c84-40aa-4914-8f80-71631957a091.zip GoogleAccessId=service-1031442839092%40gcf-admin-robot.iam.gserviceaccount.com&Expires=1761426910&Signature=ft7Apu%2BG4VNawLP82HtRisfa4LOIGvdG7uylrx8QpyeYCZ1JPZ9x%2BWAwwOWqW31DXvY45HDdBsZkCIKz4Wp5DLMzWCSSXzwReBKgQ%2BLw2LEwgJRB3qF5hn3ZZiAHw8FKhPUhRnZx3gctdbHi4z%2FWFhye0nrs4EtiGWhxfXe2SA%2Fcl9h8P57LOj9o4cYGeHNbc%2FP86a6DAEJezhI0lv%2BEdbrod4nV0XYgVUP4L7BBiJIpBXC5v%2BjDaNFkUfEUSGhcuNQVZb191F2VC8KO5whdaakoodsSLK%2FhCMf9IICgh7w4bV1HCH8uIohw1bBwbOalvi9JpnONi2vn6TRtnCWUhw%3D%3D
[debug] [2025-10-25T20:45:10.597Z] >>> [apiv2][body] PUT https://storage.googleapis.com/gcf-v2-uploads-1031442839092.us-central1.cloudfunctions.appspot.com/4d3e6c84-40aa-4914-8f80-71631957a091.zip [stream]
[debug] [2025-10-25T20:45:10.978Z] <<< [apiv2][status] PUT https://storage.googleapis.com/gcf-v2-uploads-1031442839092.us-central1.cloudfunctions.appspot.com/4d3e6c84-40aa-4914-8f80-71631957a091.zip 200
[debug] [2025-10-25T20:45:10.978Z] <<< [apiv2][body] PUT https://storage.googleapis.com/gcf-v2-uploads-1031442839092.us-central1.cloudfunctions.appspot.com/4d3e6c84-40aa-4914-8f80-71631957a091.zip [omitted]
[info] ✔  functions: functions folder uploaded successfully 
[info] i  functions: updating Node.js 20 (2nd Gen) function sendInvoiceEmail(us-central1)... 
[debug] [2025-10-25T20:45:10.981Z] Checked if tokens are valid: true, expires at: 1761428569682
[debug] [2025-10-25T20:45:10.981Z] Checked if tokens are valid: true, expires at: 1761428569682
[debug] [2025-10-25T20:45:10.981Z] >>> [apiv2][query] PATCH https://cloudfunctions.googleapis.com/v2/projects/fase-site/locations/us-central1/functions/sendInvoiceEmail updateMask=name%2CbuildConfig.runtime%2CbuildConfig.entryPoint%2CbuildConfig.source.storageSource.bucket%2CbuildConfig.source.storageSource.object%2CbuildConfig.environmentVariables%2CbuildConfig.sourceToken%2CserviceConfig.environmentVariables%2CserviceConfig.ingressSettings%2CserviceConfig.timeoutSeconds%2CserviceConfig.serviceAccountEmail%2CserviceConfig.availableMemory%2CserviceConfig.minInstanceCount%2CserviceConfig.maxInstanceCount%2CserviceConfig.maxInstanceRequestConcurrency%2CserviceConfig.availableCpu%2CserviceConfig.vpcConnector%2CserviceConfig.vpcConnectorEgressSettings%2Clabels
[debug] [2025-10-25T20:45:10.981Z] >>> [apiv2][body] PATCH https://cloudfunctions.googleapis.com/v2/projects/fase-site/locations/us-central1/functions/sendInvoiceEmail {"name":"projects/fase-site/locations/us-central1/functions/sendInvoiceEmail","buildConfig":{"runtime":"nodejs20","entryPoint":"sendInvoiceEmail","source":{"storageSource":{"bucket":"gcf-v2-uploads-1031442839092.us-central1.cloudfunctions.appspot.com","object":"4d3e6c84-40aa-4914-8f80-71631957a091.zip"}},"environmentVariables":{"GOOGLE_NODE_RUN_SCRIPTS":""}},"serviceConfig":{"environmentVariables":{"RESEND_API_KEY":"re_M6MMrHPD_NgU85sx7YAstAaf3dpnPUFSU","FIREBASE_CONFIG":"{\"projectId\":\"fase-site\",\"storageBucket\":\"fase-site.firebasestorage.app\"}","GCLOUD_PROJECT":"fase-site","EVENTARC_CLOUD_EVENT_SOURCE":"projects/fase-site/locations/us-central1/services/sendInvoiceEmail","FUNCTION_TARGET":"sendInvoiceEmail","LOG_EXECUTION_ID":"true"},"ingressSettings":null,"timeoutSeconds":null,"serviceAccountEmail":null,"availableMemory":"256Mi","minInstanceCount":null,"maxInstanceCount":null,"maxInstanceRequestConcurrency":80,"availableCpu":"1","vpcConnector":null,"vpcConnectorEgressSettings":null},"labels":{"deployment-tool":"cli-firebase","deployment-callable":"true","firebase-functions-hash":"d4fcc0a7cc2c9fe0e35a25d230b19c94fe9e2d9f"}}
[debug] [2025-10-25T20:45:12.722Z] <<< [apiv2][status] PATCH https://cloudfunctions.googleapis.com/v2/projects/fase-site/locations/us-central1/functions/sendInvoiceEmail 200
[debug] [2025-10-25T20:45:12.723Z] <<< [apiv2][body] PATCH https://cloudfunctions.googleapis.com/v2/projects/fase-site/locations/us-central1/functions/sendInvoiceEmail {"name":"projects/fase-site/locations/us-central1/operations/operation-1761425111693-64201be14b7a9-40e3e772-c839f097","metadata":{"@type":"type.googleapis.com/google.cloud.functions.v2.OperationMetadata","createTime":"2025-10-25T20:45:12.715466673Z","target":"projects/fase-site/locations/us-central1/functions/sendInvoiceEmail","verb":"update","cancelRequested":false,"apiVersion":"v2"},"done":false}
[debug] [2025-10-25T20:45:12.723Z] Checked if tokens are valid: true, expires at: 1761428569682
[debug] [2025-10-25T20:45:12.723Z] Checked if tokens are valid: true, expires at: 1761428569682
[debug] [2025-10-25T20:45:12.724Z] >>> [apiv2][query] GET https://cloudfunctions.googleapis.com/v2/projects/fase-site/locations/us-central1/operations/operation-1761425111693-64201be14b7a9-40e3e772-c839f097 [none]
[debug] [2025-10-25T20:45:13.418Z] <<< [apiv2][status] GET https://cloudfunctions.googleapis.com/v2/projects/fase-site/locations/us-central1/operations/operation-1761425111693-64201be14b7a9-40e3e772-c839f097 200
[debug] [2025-10-25T20:45:13.419Z] <<< [apiv2][body] GET https://cloudfunctions.googleapis.com/v2/projects/fase-site/locations/us-central1/operations/operation-1761425111693-64201be14b7a9-40e3e772-c839f097 {"name":"projects/fase-site/locations/us-central1/operations/operation-1761425111693-64201be14b7a9-40e3e772-c839f097","metadata":{"@type":"type.googleapis.com/google.cloud.functions.v2.OperationMetadata","createTime":"2025-10-25T20:45:12.715466673Z","target":"projects/fase-site/locations/us-central1/functions/sendInvoiceEmail","verb":"update","cancelRequested":false,"apiVersion":"v2","requestResource":{"@type":"type.googleapis.com/google.cloud.functions.v2.Function","name":"projects/fase-site/locations/us-central1/functions/sendInvoiceEmail","buildConfig":{"runtime":"nodejs20","entryPoint":"sendInvoiceEmail","source":{"storageSource":{"bucket":"gcf-v2-sources-1031442839092-us-central1","object":"sendInvoiceEmail/function-source.zip","generation":"1761425112665068"}},"environmentVariables":{"GOOGLE_NODE_RUN_SCRIPTS":""},"dockerRepository":"projects/fase-site/locations/us-central1/repositories/gcf-artifacts","sourceProvenance":{"resolvedStorageSource":{"bucket":"gcf-v2-sources-1031442839092-us-central1","object":"sendInvoiceEmail/function-source.zip","generation":"1761318673106113"}},"dockerRegistry":"ARTIFACT_REGISTRY","serviceAccount":"projects/fase-site/serviceAccounts/1031442839092-compute@developer.gserviceaccount.com","automaticUpdatePolicy":{}},"serviceConfig":{"service":"projects/fase-site/locations/us-central1/services/sendinvoiceemail","timeoutSeconds":60,"environmentVariables":{"RESEND_API_KEY":"re_M6MMrHPD_NgU85sx7YAstAaf3dpnPUFSU","FIREBASE_CONFIG":"{\"projectId\":\"fase-site\",\"storageBucket\":\"fase-site.firebasestorage.app\"}","GCLOUD_PROJECT":"fase-site","EVENTARC_CLOUD_EVENT_SOURCE":"projects/fase-site/locations/us-central1/services/sendInvoiceEmail","FUNCTION_TARGET":"sendInvoiceEmail","LOG_EXECUTION_ID":"true"},"ingressSettings":"ALLOW_ALL","uri":"https://sendinvoiceemail-eiuh3uumsa-uc.a.run.app","serviceAccountEmail":"1031442839092-compute@developer.gserviceaccount.com","availableMemory":"256Mi","allTrafficOnLatestRevision":true,"revision":"sendinvoiceemail-00004-wed","maxInstanceRequestConcurrency":80,"availableCpu":"1"},"state":"ACTIVE","labels":{"deployment-tool":"cli-firebase","deployment-callable":"true","firebase-functions-hash":"d4fcc0a7cc2c9fe0e35a25d230b19c94fe9e2d9f"},"environment":"GEN_2","url":"https://us-central1-fase-site.cloudfunctions.net/sendInvoiceEmail","satisfiesPzi":true},"stages":[{"name":"BUILD","state":"NOT_STARTED"},{"name":"SERVICE","state":"NOT_STARTED"}],"operationType":"UPDATE_FUNCTION"},"done":false}
[debug] [2025-10-25T20:45:13.921Z] [update-default-us-central1-sendInvoiceEmail] Retrying task index 0
[debug] [2025-10-25T20:45:13.921Z] Checked if tokens are valid: true, expires at: 1761428569682
[debug] [2025-10-25T20:45:13.921Z] Checked if tokens are valid: true, expires at: 1761428569682
[debug] [2025-10-25T20:45:13.921Z] >>> [apiv2][query] GET https://cloudfunctions.googleapis.com/v2/projects/fase-site/locations/us-central1/operations/operation-1761425111693-64201be14b7a9-40e3e772-c839f097 [none]
[debug] [2025-10-25T20:45:14.661Z] <<< [apiv2][status] GET https://cloudfunctions.googleapis.com/v2/projects/fase-site/locations/us-central1/operations/operation-1761425111693-64201be14b7a9-40e3e772-c839f097 200
[debug] [2025-10-25T20:45:14.662Z] <<< [apiv2][body] GET https://cloudfunctions.googleapis.com/v2/projects/fase-site/locations/us-central1/operations/operation-1761425111693-64201be14b7a9-40e3e772-c839f097 {"name":"projects/fase-site/locations/us-central1/operations/operation-1761425111693-64201be14b7a9-40e3e772-c839f097","metadata":{"@type":"type.googleapis.com/google.cloud.functions.v2.OperationMetadata","createTime":"2025-10-25T20:45:12.715466673Z","target":"projects/fase-site/locations/us-central1/functions/sendInvoiceEmail","verb":"update","cancelRequested":false,"apiVersion":"v2","requestResource":{"@type":"type.googleapis.com/google.cloud.functions.v2.Function","name":"projects/fase-site/locations/us-central1/functions/sendInvoiceEmail","buildConfig":{"runtime":"nodejs20","entryPoint":"sendInvoiceEmail","source":{"storageSource":{"bucket":"gcf-v2-sources-1031442839092-us-central1","object":"sendInvoiceEmail/function-source.zip","generation":"1761425112665068"}},"environmentVariables":{"GOOGLE_NODE_RUN_SCRIPTS":""},"dockerRepository":"projects/fase-site/locations/us-central1/repositories/gcf-artifacts","sourceProvenance":{"resolvedStorageSource":{"bucket":"gcf-v2-sources-1031442839092-us-central1","object":"sendInvoiceEmail/function-source.zip","generation":"1761318673106113"}},"dockerRegistry":"ARTIFACT_REGISTRY","serviceAccount":"projects/fase-site/serviceAccounts/1031442839092-compute@developer.gserviceaccount.com","automaticUpdatePolicy":{}},"serviceConfig":{"service":"projects/fase-site/locations/us-central1/services/sendinvoiceemail","timeoutSeconds":60,"environmentVariables":{"RESEND_API_KEY":"re_M6MMrHPD_NgU85sx7YAstAaf3dpnPUFSU","FIREBASE_CONFIG":"{\"projectId\":\"fase-site\",\"storageBucket\":\"fase-site.firebasestorage.app\"}","GCLOUD_PROJECT":"fase-site","EVENTARC_CLOUD_EVENT_SOURCE":"projects/fase-site/locations/us-central1/services/sendInvoiceEmail","FUNCTION_TARGET":"sendInvoiceEmail","LOG_EXECUTION_ID":"true"},"ingressSettings":"ALLOW_ALL","uri":"https://sendinvoiceemail-eiuh3uumsa-uc.a.run.app","serviceAccountEmail":"1031442839092-compute@developer.gserviceaccount.com","availableMemory":"256Mi","allTrafficOnLatestRevision":true,"revision":"sendinvoiceemail-00004-wed","maxInstanceRequestConcurrency":80,"availableCpu":"1"},"state":"ACTIVE","labels":{"deployment-tool":"cli-firebase","deployment-callable":"true","firebase-functions-hash":"d4fcc0a7cc2c9fe0e35a25d230b19c94fe9e2d9f"},"environment":"GEN_2","url":"https://us-central1-fase-site.cloudfunctions.net/sendInvoiceEmail","satisfiesPzi":true},"stages":[{"name":"BUILD","message":"Build in progress","state":"IN_PROGRESS","resource":"projects/1031442839092/locations/us-central1/builds/8b485ee8-e948-4bad-85aa-56da862ec3e8","resourceUri":"https://console.cloud.google.com/cloud-build/builds;region=us-central1/8b485ee8-e948-4bad-85aa-56da862ec3e8?project=1031442839092"},{"name":"SERVICE","state":"NOT_STARTED"}],"operationType":"UPDATE_FUNCTION","buildName":"projects/1031442839092/locations/us-central1/builds/8b485ee8-e948-4bad-85aa-56da862ec3e8"},"done":false}
[debug] [2025-10-25T20:45:15.663Z] [update-default-us-central1-sendInvoiceEmail] Retrying task index 0
[debug] [2025-10-25T20:45:15.663Z] Checked if tokens are valid: true, expires at: 1761428569682
[debug] [2025-10-25T20:45:15.663Z] Checked if tokens are valid: true, expires at: 1761428569682
[debug] [2025-10-25T20:45:15.663Z] >>> [apiv2][query] GET https://cloudfunctions.googleapis.com/v2/projects/fase-site/locations/us-central1/operations/operation-1761425111693-64201be14b7a9-40e3e772-c839f097 [none]
[debug] [2025-10-25T20:45:16.400Z] <<< [apiv2][status] GET https://cloudfunctions.googleapis.com/v2/projects/fase-site/locations/us-central1/operations/operation-1761425111693-64201be14b7a9-40e3e772-c839f097 200
[debug] [2025-10-25T20:45:16.401Z] <<< [apiv2][body] GET https://cloudfunctions.googleapis.com/v2/projects/fase-site/locations/us-central1/operations/operation-1761425111693-64201be14b7a9-40e3e772-c839f097 {"name":"projects/fase-site/locations/us-central1/operations/operation-1761425111693-64201be14b7a9-40e3e772-c839f097","metadata":{"@type":"type.googleapis.com/google.cloud.functions.v2.OperationMetadata","createTime":"2025-10-25T20:45:12.715466673Z","target":"projects/fase-site/locations/us-central1/functions/sendInvoiceEmail","verb":"update","cancelRequested":false,"apiVersion":"v2","requestResource":{"@type":"type.googleapis.com/google.cloud.functions.v2.Function","name":"projects/fase-site/locations/us-central1/functions/sendInvoiceEmail","buildConfig":{"runtime":"nodejs20","entryPoint":"sendInvoiceEmail","source":{"storageSource":{"bucket":"gcf-v2-sources-1031442839092-us-central1","object":"sendInvoiceEmail/function-source.zip","generation":"1761425112665068"}},"environmentVariables":{"GOOGLE_NODE_RUN_SCRIPTS":""},"dockerRepository":"projects/fase-site/locations/us-central1/repositories/gcf-artifacts","sourceProvenance":{"resolvedStorageSource":{"bucket":"gcf-v2-sources-1031442839092-us-central1","object":"sendInvoiceEmail/function-source.zip","generation":"1761318673106113"}},"dockerRegistry":"ARTIFACT_REGISTRY","serviceAccount":"projects/fase-site/serviceAccounts/1031442839092-compute@developer.gserviceaccount.com","automaticUpdatePolicy":{}},"serviceConfig":{"service":"projects/fase-site/locations/us-central1/services/sendinvoiceemail","timeoutSeconds":60,"environmentVariables":{"RESEND_API_KEY":"re_M6MMrHPD_NgU85sx7YAstAaf3dpnPUFSU","FIREBASE_CONFIG":"{\"projectId\":\"fase-site\",\"storageBucket\":\"fase-site.firebasestorage.app\"}","GCLOUD_PROJECT":"fase-site","EVENTARC_CLOUD_EVENT_SOURCE":"projects/fase-site/locations/us-central1/services/sendInvoiceEmail","FUNCTION_TARGET":"sendInvoiceEmail","LOG_EXECUTION_ID":"true"},"ingressSettings":"ALLOW_ALL","uri":"https://sendinvoiceemail-eiuh3uumsa-uc.a.run.app","serviceAccountEmail":"1031442839092-compute@developer.gserviceaccount.com","availableMemory":"256Mi","allTrafficOnLatestRevision":true,"revision":"sendinvoiceemail-00004-wed","maxInstanceRequestConcurrency":80,"availableCpu":"1"},"state":"ACTIVE","labels":{"deployment-tool":"cli-firebase","deployment-callable":"true","firebase-functions-hash":"d4fcc0a7cc2c9fe0e35a25d230b19c94fe9e2d9f"},"environment":"GEN_2","url":"https://us-central1-fase-site.cloudfunctions.net/sendInvoiceEmail","satisfiesPzi":true},"stages":[{"name":"BUILD","message":"Build in progress","state":"IN_PROGRESS","resource":"projects/1031442839092/locations/us-central1/builds/8b485ee8-e948-4bad-85aa-56da862ec3e8","resourceUri":"https://console.cloud.google.com/cloud-build/builds;region=us-central1/8b485ee8-e948-4bad-85aa-56da862ec3e8?project=1031442839092"},{"name":"SERVICE","state":"NOT_STARTED"}],"operationType":"UPDATE_FUNCTION","buildName":"projects/1031442839092/locations/us-central1/builds/8b485ee8-e948-4bad-85aa-56da862ec3e8"},"done":false}
[debug] [2025-10-25T20:45:18.402Z] [update-default-us-central1-sendInvoiceEmail] Retrying task index 0
[debug] [2025-10-25T20:45:18.403Z] Checked if tokens are valid: true, expires at: 1761428569682
[debug] [2025-10-25T20:45:18.403Z] Checked if tokens are valid: true, expires at: 1761428569682
[debug] [2025-10-25T20:45:18.403Z] >>> [apiv2][query] GET https://cloudfunctions.googleapis.com/v2/projects/fase-site/locations/us-central1/operations/operation-1761425111693-64201be14b7a9-40e3e772-c839f097 [none]
[debug] [2025-10-25T20:45:19.092Z] <<< [apiv2][status] GET https://cloudfunctions.googleapis.com/v2/projects/fase-site/locations/us-central1/operations/operation-1761425111693-64201be14b7a9-40e3e772-c839f097 200
[debug] [2025-10-25T20:45:19.092Z] <<< [apiv2][body] GET https://cloudfunctions.googleapis.com/v2/projects/fase-site/locations/us-central1/operations/operation-1761425111693-64201be14b7a9-40e3e772-c839f097 {"name":"projects/fase-site/locations/us-central1/operations/operation-1761425111693-64201be14b7a9-40e3e772-c839f097","metadata":{"@type":"type.googleapis.com/google.cloud.functions.v2.OperationMetadata","createTime":"2025-10-25T20:45:12.715466673Z","target":"projects/fase-site/locations/us-central1/functions/sendInvoiceEmail","verb":"update","cancelRequested":false,"apiVersion":"v2","requestResource":{"@type":"type.googleapis.com/google.cloud.functions.v2.Function","name":"projects/fase-site/locations/us-central1/functions/sendInvoiceEmail","buildConfig":{"runtime":"nodejs20","entryPoint":"sendInvoiceEmail","source":{"storageSource":{"bucket":"gcf-v2-sources-1031442839092-us-central1","object":"sendInvoiceEmail/function-source.zip","generation":"1761425112665068"}},"environmentVariables":{"GOOGLE_NODE_RUN_SCRIPTS":""},"dockerRepository":"projects/fase-site/locations/us-central1/repositories/gcf-artifacts","sourceProvenance":{"resolvedStorageSource":{"bucket":"gcf-v2-sources-1031442839092-us-central1","object":"sendInvoiceEmail/function-source.zip","generation":"1761318673106113"}},"dockerRegistry":"ARTIFACT_REGISTRY","serviceAccount":"projects/fase-site/serviceAccounts/1031442839092-compute@developer.gserviceaccount.com","automaticUpdatePolicy":{}},"serviceConfig":{"service":"projects/fase-site/locations/us-central1/services/sendinvoiceemail","timeoutSeconds":60,"environmentVariables":{"RESEND_API_KEY":"re_M6MMrHPD_NgU85sx7YAstAaf3dpnPUFSU","FIREBASE_CONFIG":"{\"projectId\":\"fase-site\",\"storageBucket\":\"fase-site.firebasestorage.app\"}","GCLOUD_PROJECT":"fase-site","EVENTARC_CLOUD_EVENT_SOURCE":"projects/fase-site/locations/us-central1/services/sendInvoiceEmail","FUNCTION_TARGET":"sendInvoiceEmail","LOG_EXECUTION_ID":"true"},"ingressSettings":"ALLOW_ALL","uri":"https://sendinvoiceemail-eiuh3uumsa-uc.a.run.app","serviceAccountEmail":"1031442839092-compute@developer.gserviceaccount.com","availableMemory":"256Mi","allTrafficOnLatestRevision":true,"revision":"sendinvoiceemail-00004-wed","maxInstanceRequestConcurrency":80,"availableCpu":"1"},"state":"ACTIVE","labels":{"deployment-tool":"cli-firebase","deployment-callable":"true","firebase-functions-hash":"d4fcc0a7cc2c9fe0e35a25d230b19c94fe9e2d9f"},"environment":"GEN_2","url":"https://us-central1-fase-site.cloudfunctions.net/sendInvoiceEmail","satisfiesPzi":true},"stages":[{"name":"BUILD","message":"Build in progress","state":"IN_PROGRESS","resource":"projects/1031442839092/locations/us-central1/builds/8b485ee8-e948-4bad-85aa-56da862ec3e8","resourceUri":"https://console.cloud.google.com/cloud-build/builds;region=us-central1/8b485ee8-e948-4bad-85aa-56da862ec3e8?project=1031442839092"},{"name":"SERVICE","state":"NOT_STARTED"}],"operationType":"UPDATE_FUNCTION","buildName":"projects/1031442839092/locations/us-central1/builds/8b485ee8-e948-4bad-85aa-56da862ec3e8"},"done":false}
[debug] [2025-10-25T20:45:23.093Z] [update-default-us-central1-sendInvoiceEmail] Retrying task index 0
[debug] [2025-10-25T20:45:23.093Z] Checked if tokens are valid: true, expires at: 1761428569682
[debug] [2025-10-25T20:45:23.093Z] Checked if tokens are valid: true, expires at: 1761428569682
[debug] [2025-10-25T20:45:23.093Z] >>> [apiv2][query] GET https://cloudfunctions.googleapis.com/v2/projects/fase-site/locations/us-central1/operations/operation-1761425111693-64201be14b7a9-40e3e772-c839f097 [none]
[debug] [2025-10-25T20:45:23.878Z] <<< [apiv2][status] GET https://cloudfunctions.googleapis.com/v2/projects/fase-site/locations/us-central1/operations/operation-1761425111693-64201be14b7a9-40e3e772-c839f097 200
[debug] [2025-10-25T20:45:23.879Z] <<< [apiv2][body] GET https://cloudfunctions.googleapis.com/v2/projects/fase-site/locations/us-central1/operations/operation-1761425111693-64201be14b7a9-40e3e772-c839f097 {"name":"projects/fase-site/locations/us-central1/operations/operation-1761425111693-64201be14b7a9-40e3e772-c839f097","metadata":{"@type":"type.googleapis.com/google.cloud.functions.v2.OperationMetadata","createTime":"2025-10-25T20:45:12.715466673Z","target":"projects/fase-site/locations/us-central1/functions/sendInvoiceEmail","verb":"update","cancelRequested":false,"apiVersion":"v2","requestResource":{"@type":"type.googleapis.com/google.cloud.functions.v2.Function","name":"projects/fase-site/locations/us-central1/functions/sendInvoiceEmail","buildConfig":{"runtime":"nodejs20","entryPoint":"sendInvoiceEmail","source":{"storageSource":{"bucket":"gcf-v2-sources-1031442839092-us-central1","object":"sendInvoiceEmail/function-source.zip","generation":"1761425112665068"}},"environmentVariables":{"GOOGLE_NODE_RUN_SCRIPTS":""},"dockerRepository":"projects/fase-site/locations/us-central1/repositories/gcf-artifacts","sourceProvenance":{"resolvedStorageSource":{"bucket":"gcf-v2-sources-1031442839092-us-central1","object":"sendInvoiceEmail/function-source.zip","generation":"1761318673106113"}},"dockerRegistry":"ARTIFACT_REGISTRY","serviceAccount":"projects/fase-site/serviceAccounts/1031442839092-compute@developer.gserviceaccount.com","automaticUpdatePolicy":{}},"serviceConfig":{"service":"projects/fase-site/locations/us-central1/services/sendinvoiceemail","timeoutSeconds":60,"environmentVariables":{"RESEND_API_KEY":"re_M6MMrHPD_NgU85sx7YAstAaf3dpnPUFSU","FIREBASE_CONFIG":"{\"projectId\":\"fase-site\",\"storageBucket\":\"fase-site.firebasestorage.app\"}","GCLOUD_PROJECT":"fase-site","EVENTARC_CLOUD_EVENT_SOURCE":"projects/fase-site/locations/us-central1/services/sendInvoiceEmail","FUNCTION_TARGET":"sendInvoiceEmail","LOG_EXECUTION_ID":"true"},"ingressSettings":"ALLOW_ALL","uri":"https://sendinvoiceemail-eiuh3uumsa-uc.a.run.app","serviceAccountEmail":"1031442839092-compute@developer.gserviceaccount.com","availableMemory":"256Mi","allTrafficOnLatestRevision":true,"revision":"sendinvoiceemail-00004-wed","maxInstanceRequestConcurrency":80,"availableCpu":"1"},"state":"ACTIVE","labels":{"deployment-tool":"cli-firebase","deployment-callable":"true","firebase-functions-hash":"d4fcc0a7cc2c9fe0e35a25d230b19c94fe9e2d9f"},"environment":"GEN_2","url":"https://us-central1-fase-site.cloudfunctions.net/sendInvoiceEmail","satisfiesPzi":true},"stages":[{"name":"BUILD","message":"Build in progress","state":"IN_PROGRESS","resource":"projects/1031442839092/locations/us-central1/builds/8b485ee8-e948-4bad-85aa-56da862ec3e8","resourceUri":"https://console.cloud.google.com/cloud-build/builds;region=us-central1/8b485ee8-e948-4bad-85aa-56da862ec3e8?project=1031442839092"},{"name":"SERVICE","state":"NOT_STARTED"}],"operationType":"UPDATE_FUNCTION","buildName":"projects/1031442839092/locations/us-central1/builds/8b485ee8-e948-4bad-85aa-56da862ec3e8"},"done":false}
[debug] [2025-10-25T20:45:31.880Z] [update-default-us-central1-sendInvoiceEmail] Retrying task index 0
[debug] [2025-10-25T20:45:31.881Z] Checked if tokens are valid: true, expires at: 1761428569682
[debug] [2025-10-25T20:45:31.881Z] Checked if tokens are valid: true, expires at: 1761428569682
[debug] [2025-10-25T20:45:31.881Z] >>> [apiv2][query] GET https://cloudfunctions.googleapis.com/v2/projects/fase-site/locations/us-central1/operations/operation-1761425111693-64201be14b7a9-40e3e772-c839f097 [none]
[debug] [2025-10-25T20:45:32.649Z] <<< [apiv2][status] GET https://cloudfunctions.googleapis.com/v2/projects/fase-site/locations/us-central1/operations/operation-1761425111693-64201be14b7a9-40e3e772-c839f097 200
[debug] [2025-10-25T20:45:32.650Z] <<< [apiv2][body] GET https://cloudfunctions.googleapis.com/v2/projects/fase-site/locations/us-central1/operations/operation-1761425111693-64201be14b7a9-40e3e772-c839f097 {"name":"projects/fase-site/locations/us-central1/operations/operation-1761425111693-64201be14b7a9-40e3e772-c839f097","metadata":{"@type":"type.googleapis.com/google.cloud.functions.v2.OperationMetadata","createTime":"2025-10-25T20:45:12.715466673Z","target":"projects/fase-site/locations/us-central1/functions/sendInvoiceEmail","verb":"update","cancelRequested":false,"apiVersion":"v2","requestResource":{"@type":"type.googleapis.com/google.cloud.functions.v2.Function","name":"projects/fase-site/locations/us-central1/functions/sendInvoiceEmail","buildConfig":{"runtime":"nodejs20","entryPoint":"sendInvoiceEmail","source":{"storageSource":{"bucket":"gcf-v2-sources-1031442839092-us-central1","object":"sendInvoiceEmail/function-source.zip","generation":"1761425112665068"}},"environmentVariables":{"GOOGLE_NODE_RUN_SCRIPTS":""},"dockerRepository":"projects/fase-site/locations/us-central1/repositories/gcf-artifacts","sourceProvenance":{"resolvedStorageSource":{"bucket":"gcf-v2-sources-1031442839092-us-central1","object":"sendInvoiceEmail/function-source.zip","generation":"1761318673106113"}},"dockerRegistry":"ARTIFACT_REGISTRY","serviceAccount":"projects/fase-site/serviceAccounts/1031442839092-compute@developer.gserviceaccount.com","automaticUpdatePolicy":{}},"serviceConfig":{"service":"projects/fase-site/locations/us-central1/services/sendinvoiceemail","timeoutSeconds":60,"environmentVariables":{"RESEND_API_KEY":"re_M6MMrHPD_NgU85sx7YAstAaf3dpnPUFSU","FIREBASE_CONFIG":"{\"projectId\":\"fase-site\",\"storageBucket\":\"fase-site.firebasestorage.app\"}","GCLOUD_PROJECT":"fase-site","EVENTARC_CLOUD_EVENT_SOURCE":"projects/fase-site/locations/us-central1/services/sendInvoiceEmail","FUNCTION_TARGET":"sendInvoiceEmail","LOG_EXECUTION_ID":"true"},"ingressSettings":"ALLOW_ALL","uri":"https://sendinvoiceemail-eiuh3uumsa-uc.a.run.app","serviceAccountEmail":"1031442839092-compute@developer.gserviceaccount.com","availableMemory":"256Mi","allTrafficOnLatestRevision":true,"revision":"sendinvoiceemail-00004-wed","maxInstanceRequestConcurrency":80,"availableCpu":"1"},"state":"ACTIVE","labels":{"deployment-tool":"cli-firebase","deployment-callable":"true","firebase-functions-hash":"d4fcc0a7cc2c9fe0e35a25d230b19c94fe9e2d9f"},"environment":"GEN_2","url":"https://us-central1-fase-site.cloudfunctions.net/sendInvoiceEmail","satisfiesPzi":true},"stages":[{"name":"BUILD","message":"Build in progress","state":"IN_PROGRESS","resource":"projects/1031442839092/locations/us-central1/builds/8b485ee8-e948-4bad-85aa-56da862ec3e8","resourceUri":"https://console.cloud.google.com/cloud-build/builds;region=us-central1/8b485ee8-e948-4bad-85aa-56da862ec3e8?project=1031442839092"},{"name":"SERVICE","state":"NOT_STARTED"}],"operationType":"UPDATE_FUNCTION","buildName":"projects/1031442839092/locations/us-central1/builds/8b485ee8-e948-4bad-85aa-56da862ec3e8"},"done":false}
[debug] [2025-10-25T20:45:42.651Z] [update-default-us-central1-sendInvoiceEmail] Retrying task index 0
[debug] [2025-10-25T20:45:42.652Z] Checked if tokens are valid: true, expires at: 1761428569682
[debug] [2025-10-25T20:45:42.652Z] Checked if tokens are valid: true, expires at: 1761428569682
[debug] [2025-10-25T20:45:42.652Z] >>> [apiv2][query] GET https://cloudfunctions.googleapis.com/v2/projects/fase-site/locations/us-central1/operations/operation-1761425111693-64201be14b7a9-40e3e772-c839f097 [none]
[debug] [2025-10-25T20:45:43.399Z] <<< [apiv2][status] GET https://cloudfunctions.googleapis.com/v2/projects/fase-site/locations/us-central1/operations/operation-1761425111693-64201be14b7a9-40e3e772-c839f097 200
[debug] [2025-10-25T20:45:43.399Z] <<< [apiv2][body] GET https://cloudfunctions.googleapis.com/v2/projects/fase-site/locations/us-central1/operations/operation-1761425111693-64201be14b7a9-40e3e772-c839f097 {"name":"projects/fase-site/locations/us-central1/operations/operation-1761425111693-64201be14b7a9-40e3e772-c839f097","metadata":{"@type":"type.googleapis.com/google.cloud.functions.v2.OperationMetadata","createTime":"2025-10-25T20:45:12.715466673Z","target":"projects/fase-site/locations/us-central1/functions/sendInvoiceEmail","verb":"update","cancelRequested":false,"apiVersion":"v2","requestResource":{"@type":"type.googleapis.com/google.cloud.functions.v2.Function","name":"projects/fase-site/locations/us-central1/functions/sendInvoiceEmail","buildConfig":{"runtime":"nodejs20","entryPoint":"sendInvoiceEmail","source":{"storageSource":{"bucket":"gcf-v2-sources-1031442839092-us-central1","object":"sendInvoiceEmail/function-source.zip","generation":"1761425112665068"}},"environmentVariables":{"GOOGLE_NODE_RUN_SCRIPTS":""},"dockerRepository":"projects/fase-site/locations/us-central1/repositories/gcf-artifacts","sourceProvenance":{"resolvedStorageSource":{"bucket":"gcf-v2-sources-1031442839092-us-central1","object":"sendInvoiceEmail/function-source.zip","generation":"1761318673106113"}},"dockerRegistry":"ARTIFACT_REGISTRY","serviceAccount":"projects/fase-site/serviceAccounts/1031442839092-compute@developer.gserviceaccount.com","automaticUpdatePolicy":{}},"serviceConfig":{"service":"projects/fase-site/locations/us-central1/services/sendinvoiceemail","timeoutSeconds":60,"environmentVariables":{"RESEND_API_KEY":"re_M6MMrHPD_NgU85sx7YAstAaf3dpnPUFSU","FIREBASE_CONFIG":"{\"projectId\":\"fase-site\",\"storageBucket\":\"fase-site.firebasestorage.app\"}","GCLOUD_PROJECT":"fase-site","EVENTARC_CLOUD_EVENT_SOURCE":"projects/fase-site/locations/us-central1/services/sendInvoiceEmail","FUNCTION_TARGET":"sendInvoiceEmail","LOG_EXECUTION_ID":"true"},"ingressSettings":"ALLOW_ALL","uri":"https://sendinvoiceemail-eiuh3uumsa-uc.a.run.app","serviceAccountEmail":"1031442839092-compute@developer.gserviceaccount.com","availableMemory":"256Mi","allTrafficOnLatestRevision":true,"revision":"sendinvoiceemail-00004-wed","maxInstanceRequestConcurrency":80,"availableCpu":"1"},"state":"ACTIVE","labels":{"deployment-tool":"cli-firebase","deployment-callable":"true","firebase-functions-hash":"d4fcc0a7cc2c9fe0e35a25d230b19c94fe9e2d9f"},"environment":"GEN_2","url":"https://us-central1-fase-site.cloudfunctions.net/sendInvoiceEmail","satisfiesPzi":true},"stages":[{"name":"BUILD","message":"Build in progress","state":"IN_PROGRESS","resource":"projects/1031442839092/locations/us-central1/builds/8b485ee8-e948-4bad-85aa-56da862ec3e8","resourceUri":"https://console.cloud.google.com/cloud-build/builds;region=us-central1/8b485ee8-e948-4bad-85aa-56da862ec3e8?project=1031442839092"},{"name":"SERVICE","state":"NOT_STARTED"}],"operationType":"UPDATE_FUNCTION","buildName":"projects/1031442839092/locations/us-central1/builds/8b485ee8-e948-4bad-85aa-56da862ec3e8"},"done":false}
[debug] [2025-10-25T20:45:53.400Z] [update-default-us-central1-sendInvoiceEmail] Retrying task index 0
[debug] [2025-10-25T20:45:53.401Z] Checked if tokens are valid: true, expires at: 1761428569682
[debug] [2025-10-25T20:45:53.401Z] Checked if tokens are valid: true, expires at: 1761428569682
[debug] [2025-10-25T20:45:53.401Z] >>> [apiv2][query] GET https://cloudfunctions.googleapis.com/v2/projects/fase-site/locations/us-central1/operations/operation-1761425111693-64201be14b7a9-40e3e772-c839f097 [none]
[debug] [2025-10-25T20:45:54.187Z] <<< [apiv2][status] GET https://cloudfunctions.googleapis.com/v2/projects/fase-site/locations/us-central1/operations/operation-1761425111693-64201be14b7a9-40e3e772-c839f097 200
[debug] [2025-10-25T20:45:54.187Z] <<< [apiv2][body] GET https://cloudfunctions.googleapis.com/v2/projects/fase-site/locations/us-central1/operations/operation-1761425111693-64201be14b7a9-40e3e772-c839f097 {"name":"projects/fase-site/locations/us-central1/operations/operation-1761425111693-64201be14b7a9-40e3e772-c839f097","metadata":{"@type":"type.googleapis.com/google.cloud.functions.v2.OperationMetadata","createTime":"2025-10-25T20:45:12.715466673Z","target":"projects/fase-site/locations/us-central1/functions/sendInvoiceEmail","verb":"update","cancelRequested":false,"apiVersion":"v2","requestResource":{"@type":"type.googleapis.com/google.cloud.functions.v2.Function","name":"projects/fase-site/locations/us-central1/functions/sendInvoiceEmail","buildConfig":{"runtime":"nodejs20","entryPoint":"sendInvoiceEmail","source":{"storageSource":{"bucket":"gcf-v2-sources-1031442839092-us-central1","object":"sendInvoiceEmail/function-source.zip","generation":"1761425112665068"}},"environmentVariables":{"GOOGLE_NODE_RUN_SCRIPTS":""},"dockerRepository":"projects/fase-site/locations/us-central1/repositories/gcf-artifacts","sourceProvenance":{"resolvedStorageSource":{"bucket":"gcf-v2-sources-1031442839092-us-central1","object":"sendInvoiceEmail/function-source.zip","generation":"1761318673106113"}},"dockerRegistry":"ARTIFACT_REGISTRY","serviceAccount":"projects/fase-site/serviceAccounts/1031442839092-compute@developer.gserviceaccount.com","automaticUpdatePolicy":{}},"serviceConfig":{"service":"projects/fase-site/locations/us-central1/services/sendinvoiceemail","timeoutSeconds":60,"environmentVariables":{"RESEND_API_KEY":"re_M6MMrHPD_NgU85sx7YAstAaf3dpnPUFSU","FIREBASE_CONFIG":"{\"projectId\":\"fase-site\",\"storageBucket\":\"fase-site.firebasestorage.app\"}","GCLOUD_PROJECT":"fase-site","EVENTARC_CLOUD_EVENT_SOURCE":"projects/fase-site/locations/us-central1/services/sendInvoiceEmail","FUNCTION_TARGET":"sendInvoiceEmail","LOG_EXECUTION_ID":"true"},"ingressSettings":"ALLOW_ALL","uri":"https://sendinvoiceemail-eiuh3uumsa-uc.a.run.app","serviceAccountEmail":"1031442839092-compute@developer.gserviceaccount.com","availableMemory":"256Mi","allTrafficOnLatestRevision":true,"revision":"sendinvoiceemail-00004-wed","maxInstanceRequestConcurrency":80,"availableCpu":"1"},"state":"ACTIVE","labels":{"deployment-tool":"cli-firebase","deployment-callable":"true","firebase-functions-hash":"d4fcc0a7cc2c9fe0e35a25d230b19c94fe9e2d9f"},"environment":"GEN_2","url":"https://us-central1-fase-site.cloudfunctions.net/sendInvoiceEmail","satisfiesPzi":true},"stages":[{"name":"BUILD","message":"Build in progress","state":"IN_PROGRESS","resource":"projects/1031442839092/locations/us-central1/builds/8b485ee8-e948-4bad-85aa-56da862ec3e8","resourceUri":"https://console.cloud.google.com/cloud-build/builds;region=us-central1/8b485ee8-e948-4bad-85aa-56da862ec3e8?project=1031442839092"},{"name":"SERVICE","state":"NOT_STARTED"}],"operationType":"UPDATE_FUNCTION","buildName":"projects/1031442839092/locations/us-central1/builds/8b485ee8-e948-4bad-85aa-56da862ec3e8"},"done":false}
[debug] [2025-10-25T20:46:04.188Z] [update-default-us-central1-sendInvoiceEmail] Retrying task index 0
[debug] [2025-10-25T20:46:04.188Z] Checked if tokens are valid: true, expires at: 1761428569682
[debug] [2025-10-25T20:46:04.189Z] Checked if tokens are valid: true, expires at: 1761428569682
[debug] [2025-10-25T20:46:04.189Z] >>> [apiv2][query] GET https://cloudfunctions.googleapis.com/v2/projects/fase-site/locations/us-central1/operations/operation-1761425111693-64201be14b7a9-40e3e772-c839f097 [none]
[debug] [2025-10-25T20:46:05.006Z] <<< [apiv2][status] GET https://cloudfunctions.googleapis.com/v2/projects/fase-site/locations/us-central1/operations/operation-1761425111693-64201be14b7a9-40e3e772-c839f097 200
[debug] [2025-10-25T20:46:05.006Z] <<< [apiv2][body] GET https://cloudfunctions.googleapis.com/v2/projects/fase-site/locations/us-central1/operations/operation-1761425111693-64201be14b7a9-40e3e772-c839f097 {"name":"projects/fase-site/locations/us-central1/operations/operation-1761425111693-64201be14b7a9-40e3e772-c839f097","metadata":{"@type":"type.googleapis.com/google.cloud.functions.v2.OperationMetadata","createTime":"2025-10-25T20:45:12.715466673Z","target":"projects/fase-site/locations/us-central1/functions/sendInvoiceEmail","verb":"update","cancelRequested":false,"apiVersion":"v2","requestResource":{"@type":"type.googleapis.com/google.cloud.functions.v2.Function","name":"projects/fase-site/locations/us-central1/functions/sendInvoiceEmail","buildConfig":{"runtime":"nodejs20","entryPoint":"sendInvoiceEmail","source":{"storageSource":{"bucket":"gcf-v2-sources-1031442839092-us-central1","object":"sendInvoiceEmail/function-source.zip","generation":"1761425112665068"}},"environmentVariables":{"GOOGLE_NODE_RUN_SCRIPTS":""},"dockerRepository":"projects/fase-site/locations/us-central1/repositories/gcf-artifacts","sourceProvenance":{"resolvedStorageSource":{"bucket":"gcf-v2-sources-1031442839092-us-central1","object":"sendInvoiceEmail/function-source.zip","generation":"1761318673106113"}},"dockerRegistry":"ARTIFACT_REGISTRY","serviceAccount":"projects/fase-site/serviceAccounts/1031442839092-compute@developer.gserviceaccount.com","automaticUpdatePolicy":{}},"serviceConfig":{"service":"projects/fase-site/locations/us-central1/services/sendinvoiceemail","timeoutSeconds":60,"environmentVariables":{"RESEND_API_KEY":"re_M6MMrHPD_NgU85sx7YAstAaf3dpnPUFSU","FIREBASE_CONFIG":"{\"projectId\":\"fase-site\",\"storageBucket\":\"fase-site.firebasestorage.app\"}","GCLOUD_PROJECT":"fase-site","EVENTARC_CLOUD_EVENT_SOURCE":"projects/fase-site/locations/us-central1/services/sendInvoiceEmail","FUNCTION_TARGET":"sendInvoiceEmail","LOG_EXECUTION_ID":"true"},"ingressSettings":"ALLOW_ALL","uri":"https://sendinvoiceemail-eiuh3uumsa-uc.a.run.app","serviceAccountEmail":"1031442839092-compute@developer.gserviceaccount.com","availableMemory":"256Mi","allTrafficOnLatestRevision":true,"revision":"sendinvoiceemail-00004-wed","maxInstanceRequestConcurrency":80,"availableCpu":"1"},"state":"ACTIVE","labels":{"deployment-tool":"cli-firebase","deployment-callable":"true","firebase-functions-hash":"d4fcc0a7cc2c9fe0e35a25d230b19c94fe9e2d9f"},"environment":"GEN_2","url":"https://us-central1-fase-site.cloudfunctions.net/sendInvoiceEmail","satisfiesPzi":true},"stages":[{"name":"BUILD","message":"Build in progress","state":"IN_PROGRESS","resource":"projects/1031442839092/locations/us-central1/builds/8b485ee8-e948-4bad-85aa-56da862ec3e8","resourceUri":"https://console.cloud.google.com/cloud-build/builds;region=us-central1/8b485ee8-e948-4bad-85aa-56da862ec3e8?project=1031442839092"},{"name":"SERVICE","state":"NOT_STARTED"}],"operationType":"UPDATE_FUNCTION","buildName":"projects/1031442839092/locations/us-central1/builds/8b485ee8-e948-4bad-85aa-56da862ec3e8"},"done":false}
[debug] [2025-10-25T20:46:15.008Z] [update-default-us-central1-sendInvoiceEmail] Retrying task index 0
[debug] [2025-10-25T20:46:15.008Z] Checked if tokens are valid: true, expires at: 1761428569682
[debug] [2025-10-25T20:46:15.008Z] Checked if tokens are valid: true, expires at: 1761428569682
[debug] [2025-10-25T20:46:15.008Z] >>> [apiv2][query] GET https://cloudfunctions.googleapis.com/v2/projects/fase-site/locations/us-central1/operations/operation-1761425111693-64201be14b7a9-40e3e772-c839f097 [none]
[debug] [2025-10-25T20:46:15.828Z] <<< [apiv2][status] GET https://cloudfunctions.googleapis.com/v2/projects/fase-site/locations/us-central1/operations/operation-1761425111693-64201be14b7a9-40e3e772-c839f097 200
[debug] [2025-10-25T20:46:15.828Z] <<< [apiv2][body] GET https://cloudfunctions.googleapis.com/v2/projects/fase-site/locations/us-central1/operations/operation-1761425111693-64201be14b7a9-40e3e772-c839f097 {"name":"projects/fase-site/locations/us-central1/operations/operation-1761425111693-64201be14b7a9-40e3e772-c839f097","metadata":{"@type":"type.googleapis.com/google.cloud.functions.v2.OperationMetadata","createTime":"2025-10-25T20:45:12.715466673Z","target":"projects/fase-site/locations/us-central1/functions/sendInvoiceEmail","verb":"update","cancelRequested":false,"apiVersion":"v2","requestResource":{"@type":"type.googleapis.com/google.cloud.functions.v2.Function","name":"projects/fase-site/locations/us-central1/functions/sendInvoiceEmail","buildConfig":{"runtime":"nodejs20","entryPoint":"sendInvoiceEmail","source":{"storageSource":{"bucket":"gcf-v2-sources-1031442839092-us-central1","object":"sendInvoiceEmail/function-source.zip","generation":"1761425112665068"}},"environmentVariables":{"GOOGLE_NODE_RUN_SCRIPTS":""},"dockerRepository":"projects/fase-site/locations/us-central1/repositories/gcf-artifacts","sourceProvenance":{"resolvedStorageSource":{"bucket":"gcf-v2-sources-1031442839092-us-central1","object":"sendInvoiceEmail/function-source.zip","generation":"1761318673106113"}},"dockerRegistry":"ARTIFACT_REGISTRY","serviceAccount":"projects/fase-site/serviceAccounts/1031442839092-compute@developer.gserviceaccount.com","automaticUpdatePolicy":{}},"serviceConfig":{"service":"projects/fase-site/locations/us-central1/services/sendinvoiceemail","timeoutSeconds":60,"environmentVariables":{"RESEND_API_KEY":"re_M6MMrHPD_NgU85sx7YAstAaf3dpnPUFSU","FIREBASE_CONFIG":"{\"projectId\":\"fase-site\",\"storageBucket\":\"fase-site.firebasestorage.app\"}","GCLOUD_PROJECT":"fase-site","EVENTARC_CLOUD_EVENT_SOURCE":"projects/fase-site/locations/us-central1/services/sendInvoiceEmail","FUNCTION_TARGET":"sendInvoiceEmail","LOG_EXECUTION_ID":"true"},"ingressSettings":"ALLOW_ALL","uri":"https://sendinvoiceemail-eiuh3uumsa-uc.a.run.app","serviceAccountEmail":"1031442839092-compute@developer.gserviceaccount.com","availableMemory":"256Mi","allTrafficOnLatestRevision":true,"revision":"sendinvoiceemail-00004-wed","maxInstanceRequestConcurrency":80,"availableCpu":"1"},"state":"ACTIVE","labels":{"deployment-tool":"cli-firebase","deployment-callable":"true","firebase-functions-hash":"d4fcc0a7cc2c9fe0e35a25d230b19c94fe9e2d9f"},"environment":"GEN_2","url":"https://us-central1-fase-site.cloudfunctions.net/sendInvoiceEmail","satisfiesPzi":true},"stages":[{"name":"BUILD","message":"Build finished","state":"COMPLETE","resource":"projects/1031442839092/locations/us-central1/builds/8b485ee8-e948-4bad-85aa-56da862ec3e8","resourceUri":"https://console.cloud.google.com/cloud-build/builds;region=us-central1/8b485ee8-e948-4bad-85aa-56da862ec3e8?project=1031442839092"},{"name":"SERVICE","message":"Updating Cloud Run service","state":"IN_PROGRESS","resource":"projects/fase-site/locations/us-central1/services/sendinvoiceemail","resourceUri":"https://console.cloud.google.com/run/detail/us-central1/sendinvoiceemail?project=fase-site","stateMessages":[{"severity":"INFO","type":"CloudRunServiceNewRevisionTrafficInfo","message":"A new revision will be deployed serving with 100% traffic."}]}],"sourceToken":"Clhwcm9qZWN0cy8xMDMxNDQyODM5MDkyL2xvY2F0aW9ucy91cy1jZW50cmFsMS9idWlsZHMvOGI0ODVlZTgtZTk0OC00YmFkLTg1YWEtNTZkYTg2MmVjM2U4Eml1cy1jZW50cmFsMS1kb2NrZXIucGtnLmRldi9mYXNlLXNpdGUvZ2NmLWFydGlmYWN0cy9mYXNlLS1zaXRlX191cy0tY2VudHJhbDFfX3NlbmRfaW52b2ljZV9lbWFpbDp2ZXJzaW9uXzEYtOyitoIeIkNwcm9qZWN0cy9mYXNlLXNpdGUvbG9jYXRpb25zL3VzLWNlbnRyYWwxL2Z1bmN0aW9ucy9zZW5kSW52b2ljZUVtYWlsKgwIle70xwYQiNr+8QIyCG5vZGVqczIwOnYKI2djci5pby9nYWUtcnVudGltZXMvbm9kZWpzMjA6c3RhYmxlEk91cy1jZW50cmFsMS1kb2NrZXIucGtnLmRldi9zZXJ2ZXJsZXNzLXJ1bnRpbWVzL2dvb2dsZS0yMi1mdWxsL3J1bnRpbWVzL25vZGVqczIwQAE=","operationType":"UPDATE_FUNCTION","buildName":"projects/1031442839092/locations/us-central1/builds/8b485ee8-e948-4bad-85aa-56da862ec3e8"},"done":false}
[debug] [2025-10-25T20:46:15.828Z] Got source token Clhwcm9qZWN0cy8xMDMxNDQyODM5MDkyL2xvY2F0aW9ucy91cy1jZW50cmFsMS9idWlsZHMvOGI0ODVlZTgtZTk0OC00YmFkLTg1YWEtNTZkYTg2MmVjM2U4Eml1cy1jZW50cmFsMS1kb2NrZXIucGtnLmRldi9mYXNlLXNpdGUvZ2NmLWFydGlmYWN0cy9mYXNlLS1zaXRlX191cy0tY2VudHJhbDFfX3NlbmRfaW52b2ljZV9lbWFpbDp2ZXJzaW9uXzEYtOyitoIeIkNwcm9qZWN0cy9mYXNlLXNpdGUvbG9jYXRpb25zL3VzLWNlbnRyYWwxL2Z1bmN0aW9ucy9zZW5kSW52b2ljZUVtYWlsKgwIle70xwYQiNr+8QIyCG5vZGVqczIwOnYKI2djci5pby9nYWUtcnVudGltZXMvbm9kZWpzMjA6c3RhYmxlEk91cy1jZW50cmFsMS1kb2NrZXIucGtnLmRldi9zZXJ2ZXJsZXNzLXJ1bnRpbWVzL2dvb2dsZS0yMi1mdWxsL3J1bnRpbWVzL25vZGVqczIwQAE= for region us-central1
[debug] [2025-10-25T20:46:25.829Z] [update-default-us-central1-sendInvoiceEmail] Retrying task index 0
[debug] [2025-10-25T20:46:25.829Z] Checked if tokens are valid: true, expires at: 1761428569682
[debug] [2025-10-25T20:46:25.829Z] Checked if tokens are valid: true, expires at: 1761428569682
[debug] [2025-10-25T20:46:25.830Z] >>> [apiv2][query] GET https://cloudfunctions.googleapis.com/v2/projects/fase-site/locations/us-central1/operations/operation-1761425111693-64201be14b7a9-40e3e772-c839f097 [none]
[debug] [2025-10-25T20:46:26.578Z] <<< [apiv2][status] GET https://cloudfunctions.googleapis.com/v2/projects/fase-site/locations/us-central1/operations/operation-1761425111693-64201be14b7a9-40e3e772-c839f097 200
[debug] [2025-10-25T20:46:26.578Z] <<< [apiv2][body] GET https://cloudfunctions.googleapis.com/v2/projects/fase-site/locations/us-central1/operations/operation-1761425111693-64201be14b7a9-40e3e772-c839f097 {"name":"projects/fase-site/locations/us-central1/operations/operation-1761425111693-64201be14b7a9-40e3e772-c839f097","metadata":{"@type":"type.googleapis.com/google.cloud.functions.v2.OperationMetadata","createTime":"2025-10-25T20:45:12.715466673Z","target":"projects/fase-site/locations/us-central1/functions/sendInvoiceEmail","verb":"update","cancelRequested":false,"apiVersion":"v2","requestResource":{"@type":"type.googleapis.com/google.cloud.functions.v2.Function","name":"projects/fase-site/locations/us-central1/functions/sendInvoiceEmail","buildConfig":{"runtime":"nodejs20","entryPoint":"sendInvoiceEmail","source":{"storageSource":{"bucket":"gcf-v2-sources-1031442839092-us-central1","object":"sendInvoiceEmail/function-source.zip","generation":"1761425112665068"}},"environmentVariables":{"GOOGLE_NODE_RUN_SCRIPTS":""},"dockerRepository":"projects/fase-site/locations/us-central1/repositories/gcf-artifacts","sourceProvenance":{"resolvedStorageSource":{"bucket":"gcf-v2-sources-1031442839092-us-central1","object":"sendInvoiceEmail/function-source.zip","generation":"1761318673106113"}},"dockerRegistry":"ARTIFACT_REGISTRY","serviceAccount":"projects/fase-site/serviceAccounts/1031442839092-compute@developer.gserviceaccount.com","automaticUpdatePolicy":{}},"serviceConfig":{"service":"projects/fase-site/locations/us-central1/services/sendinvoiceemail","timeoutSeconds":60,"environmentVariables":{"RESEND_API_KEY":"re_M6MMrHPD_NgU85sx7YAstAaf3dpnPUFSU","FIREBASE_CONFIG":"{\"projectId\":\"fase-site\",\"storageBucket\":\"fase-site.firebasestorage.app\"}","GCLOUD_PROJECT":"fase-site","EVENTARC_CLOUD_EVENT_SOURCE":"projects/fase-site/locations/us-central1/services/sendInvoiceEmail","FUNCTION_TARGET":"sendInvoiceEmail","LOG_EXECUTION_ID":"true"},"ingressSettings":"ALLOW_ALL","uri":"https://sendinvoiceemail-eiuh3uumsa-uc.a.run.app","serviceAccountEmail":"1031442839092-compute@developer.gserviceaccount.com","availableMemory":"256Mi","allTrafficOnLatestRevision":true,"revision":"sendinvoiceemail-00004-wed","maxInstanceRequestConcurrency":80,"availableCpu":"1"},"state":"ACTIVE","labels":{"deployment-tool":"cli-firebase","deployment-callable":"true","firebase-functions-hash":"d4fcc0a7cc2c9fe0e35a25d230b19c94fe9e2d9f"},"environment":"GEN_2","url":"https://us-central1-fase-site.cloudfunctions.net/sendInvoiceEmail","satisfiesPzi":true},"stages":[{"name":"BUILD","message":"Build finished","state":"COMPLETE","resource":"projects/1031442839092/locations/us-central1/builds/8b485ee8-e948-4bad-85aa-56da862ec3e8","resourceUri":"https://console.cloud.google.com/cloud-build/builds;region=us-central1/8b485ee8-e948-4bad-85aa-56da862ec3e8?project=1031442839092"},{"name":"SERVICE","message":"Updating Cloud Run service","state":"IN_PROGRESS","resource":"projects/fase-site/locations/us-central1/services/sendinvoiceemail","resourceUri":"https://console.cloud.google.com/run/detail/us-central1/sendinvoiceemail?project=fase-site","stateMessages":[{"severity":"INFO","type":"CloudRunServiceNewRevisionTrafficInfo","message":"A new revision will be deployed serving with 100% traffic."}]}],"sourceToken":"Clhwcm9qZWN0cy8xMDMxNDQyODM5MDkyL2xvY2F0aW9ucy91cy1jZW50cmFsMS9idWlsZHMvOGI0ODVlZTgtZTk0OC00YmFkLTg1YWEtNTZkYTg2MmVjM2U4Eml1cy1jZW50cmFsMS1kb2NrZXIucGtnLmRldi9mYXNlLXNpdGUvZ2NmLWFydGlmYWN0cy9mYXNlLS1zaXRlX191cy0tY2VudHJhbDFfX3NlbmRfaW52b2ljZV9lbWFpbDp2ZXJzaW9uXzEYtOyitoIeIkNwcm9qZWN0cy9mYXNlLXNpdGUvbG9jYXRpb25zL3VzLWNlbnRyYWwxL2Z1bmN0aW9ucy9zZW5kSW52b2ljZUVtYWlsKgwIle70xwYQiNr+8QIyCG5vZGVqczIwOnYKI2djci5pby9nYWUtcnVudGltZXMvbm9kZWpzMjA6c3RhYmxlEk91cy1jZW50cmFsMS1kb2NrZXIucGtnLmRldi9zZXJ2ZXJsZXNzLXJ1bnRpbWVzL2dvb2dsZS0yMi1mdWxsL3J1bnRpbWVzL25vZGVqczIwQAE=","operationType":"UPDATE_FUNCTION","buildName":"projects/1031442839092/locations/us-central1/builds/8b485ee8-e948-4bad-85aa-56da862ec3e8"},"done":false}
[debug] [2025-10-25T20:46:26.578Z] Got source token Clhwcm9qZWN0cy8xMDMxNDQyODM5MDkyL2xvY2F0aW9ucy91cy1jZW50cmFsMS9idWlsZHMvOGI0ODVlZTgtZTk0OC00YmFkLTg1YWEtNTZkYTg2MmVjM2U4Eml1cy1jZW50cmFsMS1kb2NrZXIucGtnLmRldi9mYXNlLXNpdGUvZ2NmLWFydGlmYWN0cy9mYXNlLS1zaXRlX191cy0tY2VudHJhbDFfX3NlbmRfaW52b2ljZV9lbWFpbDp2ZXJzaW9uXzEYtOyitoIeIkNwcm9qZWN0cy9mYXNlLXNpdGUvbG9jYXRpb25zL3VzLWNlbnRyYWwxL2Z1bmN0aW9ucy9zZW5kSW52b2ljZUVtYWlsKgwIle70xwYQiNr+8QIyCG5vZGVqczIwOnYKI2djci5pby9nYWUtcnVudGltZXMvbm9kZWpzMjA6c3RhYmxlEk91cy1jZW50cmFsMS1kb2NrZXIucGtnLmRldi9zZXJ2ZXJsZXNzLXJ1bnRpbWVzL2dvb2dsZS0yMi1mdWxsL3J1bnRpbWVzL25vZGVqczIwQAE= for region us-central1
[debug] [2025-10-25T20:46:36.580Z] [update-default-us-central1-sendInvoiceEmail] Retrying task index 0
[debug] [2025-10-25T20:46:36.580Z] Checked if tokens are valid: true, expires at: 1761428569682
[debug] [2025-10-25T20:46:36.580Z] Checked if tokens are valid: true, expires at: 1761428569682
[debug] [2025-10-25T20:46:36.580Z] >>> [apiv2][query] GET https://cloudfunctions.googleapis.com/v2/projects/fase-site/locations/us-central1/operations/operation-1761425111693-64201be14b7a9-40e3e772-c839f097 [none]
[debug] [2025-10-25T20:46:37.392Z] <<< [apiv2][status] GET https://cloudfunctions.googleapis.com/v2/projects/fase-site/locations/us-central1/operations/operation-1761425111693-64201be14b7a9-40e3e772-c839f097 200
[debug] [2025-10-25T20:46:37.392Z] <<< [apiv2][body] GET https://cloudfunctions.googleapis.com/v2/projects/fase-site/locations/us-central1/operations/operation-1761425111693-64201be14b7a9-40e3e772-c839f097 {"name":"projects/fase-site/locations/us-central1/operations/operation-1761425111693-64201be14b7a9-40e3e772-c839f097","metadata":{"@type":"type.googleapis.com/google.cloud.functions.v2.OperationMetadata","createTime":"2025-10-25T20:45:12.715466673Z","target":"projects/fase-site/locations/us-central1/functions/sendInvoiceEmail","verb":"update","cancelRequested":false,"apiVersion":"v2","requestResource":{"@type":"type.googleapis.com/google.cloud.functions.v2.Function","name":"projects/fase-site/locations/us-central1/functions/sendInvoiceEmail","buildConfig":{"runtime":"nodejs20","entryPoint":"sendInvoiceEmail","source":{"storageSource":{"bucket":"gcf-v2-sources-1031442839092-us-central1","object":"sendInvoiceEmail/function-source.zip","generation":"1761425112665068"}},"environmentVariables":{"GOOGLE_NODE_RUN_SCRIPTS":""},"dockerRepository":"projects/fase-site/locations/us-central1/repositories/gcf-artifacts","sourceProvenance":{"resolvedStorageSource":{"bucket":"gcf-v2-sources-1031442839092-us-central1","object":"sendInvoiceEmail/function-source.zip","generation":"1761318673106113"}},"dockerRegistry":"ARTIFACT_REGISTRY","serviceAccount":"projects/fase-site/serviceAccounts/1031442839092-compute@developer.gserviceaccount.com","automaticUpdatePolicy":{}},"serviceConfig":{"service":"projects/fase-site/locations/us-central1/services/sendinvoiceemail","timeoutSeconds":60,"environmentVariables":{"RESEND_API_KEY":"re_M6MMrHPD_NgU85sx7YAstAaf3dpnPUFSU","FIREBASE_CONFIG":"{\"projectId\":\"fase-site\",\"storageBucket\":\"fase-site.firebasestorage.app\"}","GCLOUD_PROJECT":"fase-site","EVENTARC_CLOUD_EVENT_SOURCE":"projects/fase-site/locations/us-central1/services/sendInvoiceEmail","FUNCTION_TARGET":"sendInvoiceEmail","LOG_EXECUTION_ID":"true"},"ingressSettings":"ALLOW_ALL","uri":"https://sendinvoiceemail-eiuh3uumsa-uc.a.run.app","serviceAccountEmail":"1031442839092-compute@developer.gserviceaccount.com","availableMemory":"256Mi","allTrafficOnLatestRevision":true,"revision":"sendinvoiceemail-00004-wed","maxInstanceRequestConcurrency":80,"availableCpu":"1"},"state":"ACTIVE","labels":{"deployment-tool":"cli-firebase","deployment-callable":"true","firebase-functions-hash":"d4fcc0a7cc2c9fe0e35a25d230b19c94fe9e2d9f"},"environment":"GEN_2","url":"https://us-central1-fase-site.cloudfunctions.net/sendInvoiceEmail","satisfiesPzi":true},"stages":[{"name":"BUILD","message":"Build finished","state":"COMPLETE","resource":"projects/1031442839092/locations/us-central1/builds/8b485ee8-e948-4bad-85aa-56da862ec3e8","resourceUri":"https://console.cloud.google.com/cloud-build/builds;region=us-central1/8b485ee8-e948-4bad-85aa-56da862ec3e8?project=1031442839092"},{"name":"SERVICE","message":"Updating Cloud Run service","state":"IN_PROGRESS","resource":"projects/fase-site/locations/us-central1/services/sendinvoiceemail","resourceUri":"https://console.cloud.google.com/run/detail/us-central1/sendinvoiceemail?project=fase-site","stateMessages":[{"severity":"INFO","type":"CloudRunServiceNewRevisionTrafficInfo","message":"A new revision will be deployed serving with 100% traffic."}]}],"sourceToken":"Clhwcm9qZWN0cy8xMDMxNDQyODM5MDkyL2xvY2F0aW9ucy91cy1jZW50cmFsMS9idWlsZHMvOGI0ODVlZTgtZTk0OC00YmFkLTg1YWEtNTZkYTg2MmVjM2U4Eml1cy1jZW50cmFsMS1kb2NrZXIucGtnLmRldi9mYXNlLXNpdGUvZ2NmLWFydGlmYWN0cy9mYXNlLS1zaXRlX191cy0tY2VudHJhbDFfX3NlbmRfaW52b2ljZV9lbWFpbDp2ZXJzaW9uXzEYtOyitoIeIkNwcm9qZWN0cy9mYXNlLXNpdGUvbG9jYXRpb25zL3VzLWNlbnRyYWwxL2Z1bmN0aW9ucy9zZW5kSW52b2ljZUVtYWlsKgwIle70xwYQiNr+8QIyCG5vZGVqczIwOnYKI2djci5pby9nYWUtcnVudGltZXMvbm9kZWpzMjA6c3RhYmxlEk91cy1jZW50cmFsMS1kb2NrZXIucGtnLmRldi9zZXJ2ZXJsZXNzLXJ1bnRpbWVzL2dvb2dsZS0yMi1mdWxsL3J1bnRpbWVzL25vZGVqczIwQAE=","operationType":"UPDATE_FUNCTION","buildName":"projects/1031442839092/locations/us-central1/builds/8b485ee8-e948-4bad-85aa-56da862ec3e8"},"done":false}
[debug] [2025-10-25T20:46:37.392Z] Got source token Clhwcm9qZWN0cy8xMDMxNDQyODM5MDkyL2xvY2F0aW9ucy91cy1jZW50cmFsMS9idWlsZHMvOGI0ODVlZTgtZTk0OC00YmFkLTg1YWEtNTZkYTg2MmVjM2U4Eml1cy1jZW50cmFsMS1kb2NrZXIucGtnLmRldi9mYXNlLXNpdGUvZ2NmLWFydGlmYWN0cy9mYXNlLS1zaXRlX191cy0tY2VudHJhbDFfX3NlbmRfaW52b2ljZV9lbWFpbDp2ZXJzaW9uXzEYtOyitoIeIkNwcm9qZWN0cy9mYXNlLXNpdGUvbG9jYXRpb25zL3VzLWNlbnRyYWwxL2Z1bmN0aW9ucy9zZW5kSW52b2ljZUVtYWlsKgwIle70xwYQiNr+8QIyCG5vZGVqczIwOnYKI2djci5pby9nYWUtcnVudGltZXMvbm9kZWpzMjA6c3RhYmxlEk91cy1jZW50cmFsMS1kb2NrZXIucGtnLmRldi9zZXJ2ZXJsZXNzLXJ1bnRpbWVzL2dvb2dsZS0yMi1mdWxsL3J1bnRpbWVzL25vZGVqczIwQAE= for region us-central1
[debug] [2025-10-25T20:46:47.394Z] [update-default-us-central1-sendInvoiceEmail] Retrying task index 0
[debug] [2025-10-25T20:46:47.395Z] Checked if tokens are valid: true, expires at: 1761428569682
[debug] [2025-10-25T20:46:47.395Z] Checked if tokens are valid: true, expires at: 1761428569682
[debug] [2025-10-25T20:46:47.395Z] >>> [apiv2][query] GET https://cloudfunctions.googleapis.com/v2/projects/fase-site/locations/us-central1/operations/operation-1761425111693-64201be14b7a9-40e3e772-c839f097 [none]
[debug] [2025-10-25T20:46:48.199Z] <<< [apiv2][status] GET https://cloudfunctions.googleapis.com/v2/projects/fase-site/locations/us-central1/operations/operation-1761425111693-64201be14b7a9-40e3e772-c839f097 200
[debug] [2025-10-25T20:46:48.199Z] <<< [apiv2][body] GET https://cloudfunctions.googleapis.com/v2/projects/fase-site/locations/us-central1/operations/operation-1761425111693-64201be14b7a9-40e3e772-c839f097 {"name":"projects/fase-site/locations/us-central1/operations/operation-1761425111693-64201be14b7a9-40e3e772-c839f097","metadata":{"@type":"type.googleapis.com/google.cloud.functions.v2.OperationMetadata","createTime":"2025-10-25T20:45:12.715466673Z","endTime":"2025-10-25T20:46:40.087499519Z","target":"projects/fase-site/locations/us-central1/functions/sendInvoiceEmail","verb":"update","cancelRequested":false,"apiVersion":"v2","requestResource":{"@type":"type.googleapis.com/google.cloud.functions.v2.Function","name":"projects/fase-site/locations/us-central1/functions/sendInvoiceEmail","buildConfig":{"runtime":"nodejs20","entryPoint":"sendInvoiceEmail","source":{"storageSource":{"bucket":"gcf-v2-sources-1031442839092-us-central1","object":"sendInvoiceEmail/function-source.zip","generation":"1761425112665068"}},"environmentVariables":{"GOOGLE_NODE_RUN_SCRIPTS":""},"dockerRepository":"projects/fase-site/locations/us-central1/repositories/gcf-artifacts","sourceProvenance":{"resolvedStorageSource":{"bucket":"gcf-v2-sources-1031442839092-us-central1","object":"sendInvoiceEmail/function-source.zip","generation":"1761318673106113"}},"dockerRegistry":"ARTIFACT_REGISTRY","serviceAccount":"projects/fase-site/serviceAccounts/1031442839092-compute@developer.gserviceaccount.com","automaticUpdatePolicy":{}},"serviceConfig":{"service":"projects/fase-site/locations/us-central1/services/sendinvoiceemail","timeoutSeconds":60,"environmentVariables":{"RESEND_API_KEY":"re_M6MMrHPD_NgU85sx7YAstAaf3dpnPUFSU","FIREBASE_CONFIG":"{\"projectId\":\"fase-site\",\"storageBucket\":\"fase-site.firebasestorage.app\"}","GCLOUD_PROJECT":"fase-site","EVENTARC_CLOUD_EVENT_SOURCE":"projects/fase-site/locations/us-central1/services/sendInvoiceEmail","FUNCTION_TARGET":"sendInvoiceEmail","LOG_EXECUTION_ID":"true"},"ingressSettings":"ALLOW_ALL","uri":"https://sendinvoiceemail-eiuh3uumsa-uc.a.run.app","serviceAccountEmail":"1031442839092-compute@developer.gserviceaccount.com","availableMemory":"256Mi","allTrafficOnLatestRevision":true,"revision":"sendinvoiceemail-00004-wed","maxInstanceRequestConcurrency":80,"availableCpu":"1"},"state":"ACTIVE","labels":{"deployment-tool":"cli-firebase","deployment-callable":"true","firebase-functions-hash":"d4fcc0a7cc2c9fe0e35a25d230b19c94fe9e2d9f"},"environment":"GEN_2","url":"https://us-central1-fase-site.cloudfunctions.net/sendInvoiceEmail","satisfiesPzi":true},"stages":[{"name":"BUILD","message":"Build finished","state":"COMPLETE","resource":"projects/1031442839092/locations/us-central1/builds/8b485ee8-e948-4bad-85aa-56da862ec3e8","resourceUri":"https://console.cloud.google.com/cloud-build/builds;region=us-central1/8b485ee8-e948-4bad-85aa-56da862ec3e8?project=1031442839092"},{"name":"SERVICE","message":"Updating Cloud Run service","state":"COMPLETE","resource":"projects/fase-site/locations/us-central1/services/sendinvoiceemail","resourceUri":"https://console.cloud.google.com/run/detail/us-central1/sendinvoiceemail?project=fase-site","stateMessages":[{"severity":"INFO","type":"CloudRunServiceNewRevisionTrafficInfo","message":"A new revision will be deployed serving with 100% traffic."}]}],"sourceToken":"Clhwcm9qZWN0cy8xMDMxNDQyODM5MDkyL2xvY2F0aW9ucy91cy1jZW50cmFsMS9idWlsZHMvOGI0ODVlZTgtZTk0OC00YmFkLTg1YWEtNTZkYTg2MmVjM2U4Eml1cy1jZW50cmFsMS1kb2NrZXIucGtnLmRldi9mYXNlLXNpdGUvZ2NmLWFydGlmYWN0cy9mYXNlLS1zaXRlX191cy0tY2VudHJhbDFfX3NlbmRfaW52b2ljZV9lbWFpbDp2ZXJzaW9uXzEYtOyitoIeIkNwcm9qZWN0cy9mYXNlLXNpdGUvbG9jYXRpb25zL3VzLWNlbnRyYWwxL2Z1bmN0aW9ucy9zZW5kSW52b2ljZUVtYWlsKgwIle70xwYQiNr+8QIyCG5vZGVqczIwOnYKI2djci5pby9nYWUtcnVudGltZXMvbm9kZWpzMjA6c3RhYmxlEk91cy1jZW50cmFsMS1kb2NrZXIucGtnLmRldi9zZXJ2ZXJsZXNzLXJ1bnRpbWVzL2dvb2dsZS0yMi1mdWxsL3J1bnRpbWVzL25vZGVqczIwQAE=","operationType":"UPDATE_FUNCTION","buildName":"projects/1031442839092/locations/us-central1/builds/8b485ee8-e948-4bad-85aa-56da862ec3e8"},"done":true,"response":{"@type":"type.googleapis.com/google.cloud.functions.v2.Function","name":"projects/fase-site/locations/us-central1/functions/sendInvoiceEmail","buildConfig":{"build":"projects/1031442839092/locations/us-central1/builds/8b485ee8-e948-4bad-85aa-56da862ec3e8","runtime":"nodejs20","entryPoint":"sendInvoiceEmail","source":{"storageSource":{"bucket":"gcf-v2-sources-1031442839092-us-central1","object":"sendInvoiceEmail/function-source.zip","generation":"1761425112665068"}},"environmentVariables":{"GOOGLE_NODE_RUN_SCRIPTS":""},"dockerRepository":"projects/fase-site/locations/us-central1/repositories/gcf-artifacts","sourceProvenance":{"resolvedStorageSource":{"bucket":"gcf-v2-sources-1031442839092-us-central1","object":"sendInvoiceEmail/function-source.zip","generation":"1761425112665068"}},"dockerRegistry":"ARTIFACT_REGISTRY","serviceAccount":"projects/fase-site/serviceAccounts/1031442839092-compute@developer.gserviceaccount.com","automaticUpdatePolicy":{}},"serviceConfig":{"service":"projects/fase-site/locations/us-central1/services/sendinvoiceemail","timeoutSeconds":60,"environmentVariables":{"RESEND_API_KEY":"re_M6MMrHPD_NgU85sx7YAstAaf3dpnPUFSU","FIREBASE_CONFIG":"{\"projectId\":\"fase-site\",\"storageBucket\":\"fase-site.firebasestorage.app\"}","GCLOUD_PROJECT":"fase-site","EVENTARC_CLOUD_EVENT_SOURCE":"projects/fase-site/locations/us-central1/services/sendInvoiceEmail","FUNCTION_TARGET":"sendInvoiceEmail","LOG_EXECUTION_ID":"true"},"maxInstanceCount":20,"ingressSettings":"ALLOW_ALL","uri":"https://sendinvoiceemail-eiuh3uumsa-uc.a.run.app","serviceAccountEmail":"1031442839092-compute@developer.gserviceaccount.com","availableMemory":"256Mi","allTrafficOnLatestRevision":true,"revision":"sendinvoiceemail-00005-sur","maxInstanceRequestConcurrency":80,"availableCpu":"1"},"state":"ACTIVE","updateTime":"2025-10-25T20:45:12.717275903Z","labels":{"firebase-functions-hash":"d4fcc0a7cc2c9fe0e35a25d230b19c94fe9e2d9f","deployment-tool":"cli-firebase","deployment-callable":"true"},"environment":"GEN_2","url":"https://us-central1-fase-site.cloudfunctions.net/sendInvoiceEmail","createTime":"2025-10-21T16:49:11.037921637Z","satisfiesPzi":true}}
[debug] [2025-10-25T20:46:48.199Z] Got source token Clhwcm9qZWN0cy8xMDMxNDQyODM5MDkyL2xvY2F0aW9ucy91cy1jZW50cmFsMS9idWlsZHMvOGI0ODVlZTgtZTk0OC00YmFkLTg1YWEtNTZkYTg2MmVjM2U4Eml1cy1jZW50cmFsMS1kb2NrZXIucGtnLmRldi9mYXNlLXNpdGUvZ2NmLWFydGlmYWN0cy9mYXNlLS1zaXRlX191cy0tY2VudHJhbDFfX3NlbmRfaW52b2ljZV9lbWFpbDp2ZXJzaW9uXzEYtOyitoIeIkNwcm9qZWN0cy9mYXNlLXNpdGUvbG9jYXRpb25zL3VzLWNlbnRyYWwxL2Z1bmN0aW9ucy9zZW5kSW52b2ljZUVtYWlsKgwIle70xwYQiNr+8QIyCG5vZGVqczIwOnYKI2djci5pby9nYWUtcnVudGltZXMvbm9kZWpzMjA6c3RhYmxlEk91cy1jZW50cmFsMS1kb2NrZXIucGtnLmRldi9zZXJ2ZXJsZXNzLXJ1bnRpbWVzL2dvb2dsZS0yMi1mdWxsL3J1bnRpbWVzL25vZGVqczIwQAE= for region us-central1
[info] ✔  functions[sendInvoiceEmail(us-central1)] Successful update operation. 
[debug] [2025-10-25T20:46:48.201Z] Total Function Deployment time: 97220
[debug] [2025-10-25T20:46:48.201Z] 1 Functions Deployed
[debug] [2025-10-25T20:46:48.201Z] 0 Functions Errored
[debug] [2025-10-25T20:46:48.201Z] 0 Function Deployments Aborted
[debug] [2025-10-25T20:46:48.201Z] Average Function Deployment time: 97220
[debug] [2025-10-25T20:46:48.202Z] Checked if tokens are valid: true, expires at: 1761428569682
[debug] [2025-10-25T20:46:48.202Z] Checked if tokens are valid: true, expires at: 1761428569682
[debug] [2025-10-25T20:46:48.202Z] >>> [apiv2][query] GET https://artifactregistry.googleapis.com/v1/projects/fase-site/locations/us-central1/repositories/gcf-artifacts [none]
